2025-03-12T19:56:44.479Z - Algoritmo: bubble, Tamanho do conjunto de dados: 1000, Tempo de execução: 11ms, Comparações: 499500, Trocas: 250490
2025-03-12T20:00:02.105Z - Algoritmo: insertion, Tamanho do conjunto de dados: 1000, Tempo de execução: 6ms, Comparações: 251489, Trocas: 250490
2025-03-12T20:02:02.982Z - Algoritmo: merge, Tamanho do conjunto de dados: 1000, Tempo de execução: 4ms, Comparações: 8695, Trocas: 9976
2025-03-12T20:02:20.450Z - Algoritmo: bubble, Tamanho do conjunto de dados: 1000, Tempo de execução: 17ms, Comparações: 499500, Trocas: 250490
2025-03-12T20:02:27.244Z - Algoritmo: bubble, Tamanho do conjunto de dados: 1000, Tempo de execução: 15ms, Comparações: 499500, Trocas: 250490
2025-03-12T20:03:19.229Z - Algoritmo: bubble, Tamanho do conjunto de dados: 1000, Tempo de execução: 19ms, Comparações: 499500, Trocas: 250490
2025-03-12T20:03:23.203Z - Algoritmo: insertion, Tamanho do conjunto de dados: 1000, Tempo de execução: 8ms, Comparações: 251489, Trocas: 250490
2025-03-12T20:03:27.385Z - Algoritmo: tim, Tamanho do conjunto de dados: 1000, Tempo de execução: 4ms, Comparações: 12433, Trocas: 7487
2025-03-12T20:03:39.294Z - Algoritmo: counting, Tamanho do conjunto de dados: 1000, Tempo de execução: 14ms, Comparações: 100936, Trocas: 1000
2025-03-12T20:03:43.707Z - Algoritmo: shell, Tamanho do conjunto de dados: 1000, Tempo de execução: 3ms, Comparações: 7968, Trocas: 7968
2025-03-12T20:04:03.815Z - Algoritmo: quick, Tamanho do conjunto de dados: 1000, Tempo de execução: 12ms, Comparações: 10564, Trocas: 5330
2025-03-12T20:11:03.901Z - Algoritmo: bubble, Tamanho do conjunto de dados: 100000, Tempo de execução: 77673ms, Comparações: 4999950000, Trocas: 2491198727
2025-03-12T20:11:09.765Z - Algoritmo: insertion, Tamanho do conjunto de dados: 100000, Tempo de execução: 13346ms, Comparações: 2491298726, Trocas: 2491198727
2025-03-12T20:11:30.056Z - Algoritmo: quick, Tamanho do conjunto de dados: 100000, Tempo de execução: 55ms, Comparações: 2083273, Trocas: 952949
2025-03-12T20:11:40.502Z - Algoritmo: quick, Tamanho do conjunto de dados: 1000, Tempo de execução: 9ms, Comparações: 10564, Trocas: 5330
2025-03-12T20:11:55.377Z - Algoritmo: quick, Tamanho do conjunto de dados: 100000, Tempo de execução: 51ms, Comparações: 2083273, Trocas: 952949
2025-03-12T20:12:11.263Z - Algoritmo: bubble, Tamanho do conjunto de dados: 100000, Tempo de execução: 57700ms, Comparações: 4999950000, Trocas: 2491198727
2025-03-12T20:12:59.571Z - Algoritmo: bubble, Tamanho do conjunto de dados: 100000, Tempo de execução: 68363ms, Comparações: 4999950000, Trocas: 2491198727
2025-03-12T20:13:56.808Z - Algoritmo: bubble, Tamanho do conjunto de dados: 100000, Tempo de execução: 56990ms, Comparações: 4999950000, Trocas: 2491198727
2025-03-12T20:14:16.213Z - Algoritmo: tim, Tamanho do conjunto de dados: 100000, Tempo de execução: 79ms, Comparações: 1792711, Trocas: 602082
2025-03-12T20:14:24.850Z - Algoritmo: heap, Tamanho do conjunto de dados: 100000, Tempo de execução: 96ms, Comparações: 3250116, Trocas: 1575058
2025-03-12T20:14:31.238Z - Algoritmo: radix, Tamanho do conjunto de dados: 100000, Tempo de execução: 94ms, Comparações: 100044, Trocas: 500000
2025-03-12T20:14:38.751Z - Algoritmo: shell, Tamanho do conjunto de dados: 100000, Tempo de execução: 92ms, Comparações: 2752873, Trocas: 2752873
2025-03-12T20:14:55.470Z - Algoritmo: insertion, Tamanho do conjunto de dados: 100000, Tempo de execução: 12940ms, Comparações: 2491298726, Trocas: 2491198727
2025-03-12T20:15:06.483Z - Algoritmo: selection, Tamanho do conjunto de dados: 100000, Tempo de execução: 19650ms, Comparações: 4999950000, Trocas: 99984
2025-03-12T20:20:58.284Z - Algoritmo: selection, Tamanho do conjunto de dados: 10000, Tempo de execução: 249ms, Comparações: 49995000, Trocas: 9991
2025-03-12T20:21:10.466Z - Algoritmo: selection, Tamanho do conjunto de dados: 100000, Tempo de execução: 20505ms, Comparações: 4999950000, Trocas: 99984
2025-03-12T20:21:36.592Z - Algoritmo: selection, Tamanho do conjunto de dados: 10000, Tempo de execução: 182ms, Comparações: 49995000, Trocas: 9991
2025-03-12T20:21:49.628Z - Algoritmo: quick, Tamanho do conjunto de dados: 10000, Tempo de execução: 28ms, Comparações: 168068, Trocas: 76975
2025-03-12T20:26:49.177Z - Lendo arquivo: src/data/numbers_1000.txt, Algoritmo: bubble, Tamanho do conjunto de dados: 1000, Dados lidos: 77801,59369,12433,98522,26497,88703,81525,14187,58..., Números convertidos: 1000 elementos, Tempo de execução: 13ms, Comparações: 499500, Trocas: 250490
2025-03-12T20:27:15.586Z - Lendo arquivo: src/data/numbers_1000.txt, Algoritmo: bubble-improved, Tamanho do conjunto de dados: 1000, Dados lidos: 77801,59369,12433,98522,26497,88703,81525,14187,58..., Números convertidos: 1000 elementos, Tempo de execução: 14ms, Comparações: 498465, Trocas: 250490
2025-03-12T20:27:34.754Z - Lendo arquivo: src/data/numbers_1000.txt, Algoritmo: quick, Tamanho do conjunto de dados: 1000, Dados lidos: 77801,59369,12433,98522,26497,88703,81525,14187,58..., Números convertidos: 1000 elementos, Tempo de execução: 6ms, Comparações: 10564, Trocas: 5330
2025-03-12T20:29:05.497Z - Lendo arquivo: src/data/numbers_1000.txt, Algoritmo: tim, Tamanho do conjunto de dados: 1000, Dados lidos: 77801,59369,12433,98522,26497,88703,81525,14187,58..., Números convertidos: 1000 elementos, Tempo de execução: 4ms, Comparações: 12433, Trocas: 7487
2025-03-12T20:30:09.445Z - Lendo arquivo: src/data/numbers_1000.txt, Algoritmo: heap, Tamanho do conjunto de dados: 1000, Dados lidos: 77801,59369,12433,98522,26497,88703,81525,14187,58..., Números convertidos: 1000 elementos, Tempo de execução: 8ms, Comparações: 19134, Trocas: 9067
2025-03-12T20:30:50.521Z - Lendo arquivo: src/data/numbers_1000.txt, Algoritmo: radix, Tamanho do conjunto de dados: 1000, Dados lidos: 77801,59369,12433,98522,26497,88703,81525,14187,58..., Números convertidos: 1000 elementos, Tempo de execução: 3ms, Comparações: 1044, Trocas: 5000
2025-03-12T20:30:52.704Z - Lendo arquivo: src/data/numbers_1000.txt, Algoritmo: shell, Tamanho do conjunto de dados: 1000, Dados lidos: 77801,59369,12433,98522,26497,88703,81525,14187,58..., Números convertidos: 1000 elementos, Tempo de execução: 2ms, Comparações: 7968, Trocas: 7968
2025-03-12T20:30:57.436Z - Lendo arquivo: src/data/numbers_10000.txt, Algoritmo: bubble, Tamanho do conjunto de dados: 10000, Dados lidos: 40920,26105,84011,93986,38904,22519,53414,145,2200..., Números convertidos: 10000 elementos, Tempo de execução: 634ms, Comparações: 49995000, Trocas: 24878417
2025-03-12T20:31:00.274Z - Lendo arquivo: src/data/numbers_10000.txt, Algoritmo: bubble-improved, Tamanho do conjunto de dados: 10000, Dados lidos: 40920,26105,84011,93986,38904,22519,53414,145,2200..., Números convertidos: 10000 elementos, Tempo de execução: 550ms, Comparações: 49987860, Trocas: 24878417
2025-03-12T20:31:03.471Z - Lendo arquivo: src/data/numbers_10000.txt, Algoritmo: insertion, Tamanho do conjunto de dados: 10000, Dados lidos: 40920,26105,84011,93986,38904,22519,53414,145,2200..., Números convertidos: 10000 elementos, Tempo de execução: 154ms, Comparações: 24888416, Trocas: 24878417
2025-03-12T20:31:06.079Z - Lendo arquivo: src/data/numbers_10000.txt, Algoritmo: selection, Tamanho do conjunto de dados: 10000, Dados lidos: 40920,26105,84011,93986,38904,22519,53414,145,2200..., Números convertidos: 10000 elementos, Tempo de execução: 221ms, Comparações: 49995000, Trocas: 9991
2025-03-12T20:31:08.576Z - Lendo arquivo: src/data/numbers_10000.txt, Algoritmo: quick, Tamanho do conjunto de dados: 10000, Dados lidos: 40920,26105,84011,93986,38904,22519,53414,145,2200..., Números convertidos: 10000 elementos, Tempo de execução: 26ms, Comparações: 168068, Trocas: 76975
2025-03-12T20:31:11.366Z - Lendo arquivo: src/data/numbers_10000.txt, Algoritmo: merge, Tamanho do conjunto de dados: 10000, Dados lidos: 40920,26105,84011,93986,38904,22519,53414,145,2200..., Números convertidos: 10000 elementos, Tempo de execução: 25ms, Comparações: 120425, Trocas: 133616
2025-03-12T20:31:14.445Z - Lendo arquivo: src/data/numbers_10000.txt, Algoritmo: tim, Tamanho do conjunto de dados: 10000, Dados lidos: 40920,26105,84011,93986,38904,22519,53414,145,2200..., Números convertidos: 10000 elementos, Tempo de execução: 20ms, Comparações: 136538, Trocas: 47658
2025-03-12T20:31:17.417Z - Lendo arquivo: src/data/numbers_10000.txt, Algoritmo: heap, Tamanho do conjunto de dados: 10000, Dados lidos: 40920,26105,84011,93986,38904,22519,53414,145,2200..., Números convertidos: 10000 elementos, Tempo de execução: 24ms, Comparações: 258462, Trocas: 124231
2025-03-12T20:31:21.857Z - Lendo arquivo: src/data/numbers_10000.txt, Algoritmo: heap, Tamanho do conjunto de dados: 10000, Dados lidos: 40920,26105,84011,93986,38904,22519,53414,145,2200..., Números convertidos: 10000 elementos, Tempo de execução: 35ms, Comparações: 258462, Trocas: 124231
2025-03-12T20:31:29.042Z - Lendo arquivo: src/data/numbers_10000.txt, Algoritmo: counting, Tamanho do conjunto de dados: 10000, Dados lidos: 40920,26105,84011,93986,38904,22519,53414,145,2200..., Números convertidos: 10000 elementos, Tempo de execução: 8ms, Comparações: 109984, Trocas: 10000
2025-03-12T20:31:32.115Z - Lendo arquivo: src/data/numbers_10000.txt, Algoritmo: radix, Tamanho do conjunto de dados: 10000, Dados lidos: 40920,26105,84011,93986,38904,22519,53414,145,2200..., Números convertidos: 10000 elementos, Tempo de execução: 11ms, Comparações: 10044, Trocas: 50000
2025-03-12T20:31:35.196Z - Lendo arquivo: src/data/numbers_10000.txt, Algoritmo: shell, Tamanho do conjunto de dados: 10000, Dados lidos: 40920,26105,84011,93986,38904,22519,53414,145,2200..., Números convertidos: 10000 elementos, Tempo de execução: 9ms, Comparações: 159673, Trocas: 159673
2025-03-12T20:32:17.139Z - Lendo arquivo: src/data/numbers_10000.txt, Algoritmo: shell, Tamanho do conjunto de dados: 10000, Dados lidos: 38922,44344,1466,53685,47528,70310,24505,75916,782..., Números convertidos: 10000 elementos, Tempo de execução: 6ms, Comparações: 143990, Trocas: 143990
2025-03-12T20:32:22.009Z - Lendo arquivo: src/data/numbers_10000.txt, Algoritmo: shell, Tamanho do conjunto de dados: 10000, Dados lidos: 38922,44344,1466,53685,47528,70310,24505,75916,782..., Números convertidos: 10000 elementos, Tempo de execução: 7ms, Comparações: 143990, Trocas: 143990
2025-03-12T20:32:25.662Z - Lendo arquivo: src/data/numbers_10000.txt, Algoritmo: insertion, Tamanho do conjunto de dados: 10000, Dados lidos: 38922,44344,1466,53685,47528,70310,24505,75916,782..., Números convertidos: 10000 elementos, Tempo de execução: 54ms, Comparações: 25165936, Trocas: 25155937
2025-03-12T20:32:54.454Z - Lendo arquivo: src/data/numbers_10000.txt, Algoritmo: quick, Tamanho do conjunto de dados: 10000, Dados lidos: 38922,44344,1466,53685,47528,70310,24505,75916,782..., Números convertidos: 10000 elementos, Tempo de execução: 8ms, Comparações: 151365, Trocas: 64512
2025-03-12T20:33:34.029Z - Lendo arquivo: src/data/numbers_10000.txt, Algoritmo: bubble, Tamanho do conjunto de dados: 10000, Dados lidos: 38922,44344,1466,53685,47528,70310,24505,75916,782..., Números convertidos: 10000 elementos, Tempo de execução: 223ms, Comparações: 49995000, Trocas: 25155937
2025-03-12T20:33:36.176Z - Lendo arquivo: src/data/numbers_10000.txt, Algoritmo: bubble-improved, Tamanho do conjunto de dados: 10000, Dados lidos: 38922,44344,1466,53685,47528,70310,24505,75916,782..., Números convertidos: 10000 elementos, Tempo de execução: 239ms, Comparações: 49988895, Trocas: 25155937
2025-03-12T20:34:21.991Z - Lendo arquivo: src/data/numbers_10000.txt, Algoritmo: insertion, Tamanho do conjunto de dados: 10000, Dados lidos: 38922,44344,1466,53685,47528,70310,24505,75916,782..., Números convertidos: 10000 elementos, Tempo de execução: 54ms, Comparações: 25165936, Trocas: 25155937
2025-03-12T20:34:32.579Z - Lendo arquivo: src/data/numbers_10000.txt, Algoritmo: selection, Tamanho do conjunto de dados: 10000, Dados lidos: 38922,44344,1466,53685,47528,70310,24505,75916,782..., Números convertidos: 10000 elementos, Tempo de execução: 79ms, Comparações: 49995000, Trocas: 9991
2025-03-12T20:34:40.572Z - Lendo arquivo: src/data/numbers_10000.txt, Algoritmo: quick, Tamanho do conjunto de dados: 10000, Dados lidos: 38922,44344,1466,53685,47528,70310,24505,75916,782..., Números convertidos: 10000 elementos, Tempo de execução: 9ms, Comparações: 151365, Trocas: 64512
2025-03-12T20:34:46.688Z - Lendo arquivo: src/data/numbers_10000.txt, Algoritmo: tim, Tamanho do conjunto de dados: 10000, Dados lidos: 38922,44344,1466,53685,47528,70310,24505,75916,782..., Números convertidos: 10000 elementos, Tempo de execução: 8ms, Comparações: 136656, Trocas: 47806
2025-03-13T12:50:01.568Z - Lendo arquivo: src/data/numbers_1000.txt, Algoritmo: bubble, Tamanho do conjunto de dados: 1000, Dados lidos: 17840,76079,44820,21677,12530,71028,55387,92338,37..., Números convertidos: 1000 elementos, Tempo de execução: 7ms, Comparações: 499500, Trocas: 259423
2025-03-13T12:51:12.349Z - Lendo arquivo: src/data/numbers_1000.txt, Algoritmo: bubble, Tamanho do conjunto de dados: 1000, Dados lidos: 17840,76079,44820,21677,12530,71028,55387,92338,37..., Números convertidos: 1000 elementos, Tempo de execução: 6ms, Comparações: 499500, Trocas: 259423
2025-03-13T12:51:18.076Z - Lendo arquivo: src/data/numbers_1000.txt, Algoritmo: insertion, Tamanho do conjunto de dados: 1000, Dados lidos: 17840,76079,44820,21677,12530,71028,55387,92338,37..., Números convertidos: 1000 elementos, Tempo de execução: 4ms, Comparações: 260422, Trocas: 259423
2025-03-13T12:51:32.047Z - Lendo arquivo: src/data/numbers_1000.txt, Algoritmo: quick, Tamanho do conjunto de dados: 1000, Dados lidos: 17840,76079,44820,21677,12530,71028,55387,92338,37..., Números convertidos: 1000 elementos, Tempo de execução: 3ms, Comparações: 10714, Trocas: 4765
2025-03-13T13:16:17.824Z - Lendo arquivo: src/data/numbers_1000.txt, Algoritmo: bubble, Tamanho do conjunto de dados: 1000, Dados lidos: 17840,76079,44820,21677,12530,71028,55387,92338,37..., Números convertidos: 1000 elementos, Tempo de execução: 7ms, Comparações: 499500, Trocas: 259423
2025-03-13T13:16:19.323Z - Lendo arquivo: src/data/numbers_1000.txt, Algoritmo: bubble, Tamanho do conjunto de dados: 1000, Dados lidos: 17840,76079,44820,21677,12530,71028,55387,92338,37..., Números convertidos: 1000 elementos, Tempo de execução: 8ms, Comparações: 499500, Trocas: 259423
2025-03-13T13:16:35.643Z - Lendo arquivo: src/data/numbers_1000.txt, Algoritmo: quick, Tamanho do conjunto de dados: 1000, Dados lidos: 17840,76079,44820,21677,12530,71028,55387,92338,37..., Números convertidos: 1000 elementos, Tempo de execução: 3ms, Comparações: 10714, Trocas: 4765
2025-03-13T13:16:41.792Z - Lendo arquivo: src/data/numbers_10000.txt, Algoritmo: quick, Tamanho do conjunto de dados: 10000, Dados lidos: 38922,44344,1466,53685,47528,70310,24505,75916,782..., Números convertidos: 10000 elementos, Tempo de execução: 11ms, Comparações: 151365, Trocas: 64512
2025-03-13T13:16:46.551Z - Lendo arquivo: src/data/numbers_10000.txt, Algoritmo: insertion, Tamanho do conjunto de dados: 10000, Dados lidos: 38922,44344,1466,53685,47528,70310,24505,75916,782..., Números convertidos: 10000 elementos, Tempo de execução: 66ms, Comparações: 25165936, Trocas: 25155937
2025-03-13T13:16:53.603Z - Lendo arquivo: src/data/numbers_10000.txt, Algoritmo: merge, Tamanho do conjunto de dados: 10000, Dados lidos: 38922,44344,1466,53685,47528,70310,24505,75916,782..., Números convertidos: 10000 elementos, Tempo de execução: 9ms, Comparações: 120392, Trocas: 133616
2025-03-13T13:21:30.020Z - Lendo arquivo: src/data/numbers_1000.txt, Algoritmo: bubble, Tamanho do conjunto de dados: 1000, Dados lidos: 17840,76079,44820,21677,12530,71028,55387,92338,37..., Números convertidos: 1000 elementos, Tempo de execução: 8ms, Comparações: 499500, Trocas: 259423
2025-03-13T13:34:42.316Z - Lendo arquivo: src/data/numbers_1000.txt, Algoritmo: bubble, Tamanho do conjunto de dados: 1000, Dados lidos: 35730,7361,93560,7246,51507,67692,44498,29904,7551..., Números convertidos: 1000 elementos, Tempo de execução: 7ms, Comparações: 499500, Trocas: 251874
2025-03-13T13:34:45.575Z - Lendo arquivo: src/data/numbers_1000.txt, Algoritmo: selection, Tamanho do conjunto de dados: 1000, Dados lidos: 35730,7361,93560,7246,51507,67692,44498,29904,7551..., Números convertidos: 1000 elementos, Tempo de execução: 4ms, Comparações: 499500, Trocas: 993
2025-03-13T13:34:48.121Z - Lendo arquivo: src/data/numbers_1000.txt, Algoritmo: heap, Tamanho do conjunto de dados: 1000, Dados lidos: 35730,7361,93560,7246,51507,67692,44498,29904,7551..., Números convertidos: 1000 elementos, Tempo de execução: 5ms, Comparações: 19196, Trocas: 9098
2025-03-13T13:34:58.749Z - Lendo arquivo: src/data/numbers_1000.txt, Algoritmo: quick, Tamanho do conjunto de dados: 1000, Dados lidos: 35730,7361,93560,7246,51507,67692,44498,29904,7551..., Números convertidos: 1000 elementos, Tempo de execução: 4ms, Comparações: 10833, Trocas: 4685
2025-03-13T13:35:01.391Z - Lendo arquivo: src/data/numbers_1000.txt, Algoritmo: insertion, Tamanho do conjunto de dados: 1000, Dados lidos: 35730,7361,93560,7246,51507,67692,44498,29904,7551..., Números convertidos: 1000 elementos, Tempo de execução: 4ms, Comparações: 252873, Trocas: 251874
2025-03-13T13:35:04.073Z - Lendo arquivo: src/data/numbers_1000.txt, Algoritmo: radix, Tamanho do conjunto de dados: 1000, Dados lidos: 35730,7361,93560,7246,51507,67692,44498,29904,7551..., Números convertidos: 1000 elementos, Tempo de execução: 2ms, Comparações: 1044, Trocas: 5000
2025-03-13T13:35:07.640Z - Lendo arquivo: src/data/numbers_1000.txt, Algoritmo: counting, Tamanho do conjunto de dados: 1000, Dados lidos: 35730,7361,93560,7246,51507,67692,44498,29904,7551..., Números convertidos: 1000 elementos, Tempo de execução: 5ms, Comparações: 100948, Trocas: 1000
2025-03-13T13:35:29.707Z - Lendo arquivo: src/data/numbers_10000.txt, Algoritmo: bubble, Tamanho do conjunto de dados: 10000, Dados lidos: 96683,30989,96090,48604,40193,98456,54471,5136,450..., Números convertidos: 10000 elementos, Tempo de execução: 237ms, Comparações: 49995000, Trocas: 24918034
2025-03-13T13:35:32.042Z - Lendo arquivo: src/data/numbers_10000.txt, Algoritmo: bubble-improved, Tamanho do conjunto de dados: 10000, Dados lidos: 96683,30989,96090,48604,40193,98456,54471,5136,450..., Números convertidos: 10000 elementos, Tempo de execução: 274ms, Comparações: 49993674, Trocas: 24918034
2025-03-13T13:35:33.856Z - Lendo arquivo: src/data/numbers_10000.txt, Algoritmo: insertion, Tamanho do conjunto de dados: 10000, Dados lidos: 96683,30989,96090,48604,40193,98456,54471,5136,450..., Números convertidos: 10000 elementos, Tempo de execução: 68ms, Comparações: 24928033, Trocas: 24918034
2025-03-13T13:35:36.197Z - Lendo arquivo: src/data/numbers_10000.txt, Algoritmo: selection, Tamanho do conjunto de dados: 10000, Dados lidos: 96683,30989,96090,48604,40193,98456,54471,5136,450..., Números convertidos: 10000 elementos, Tempo de execução: 94ms, Comparações: 49995000, Trocas: 9988
2025-03-13T13:35:38.192Z - Lendo arquivo: src/data/numbers_10000.txt, Algoritmo: quick, Tamanho do conjunto de dados: 10000, Dados lidos: 96683,30989,96090,48604,40193,98456,54471,5136,450..., Números convertidos: 10000 elementos, Tempo de execução: 11ms, Comparações: 152736, Trocas: 67252
2025-03-13T13:35:40.344Z - Lendo arquivo: src/data/numbers_10000.txt, Algoritmo: merge, Tamanho do conjunto de dados: 10000, Dados lidos: 96683,30989,96090,48604,40193,98456,54471,5136,450..., Números convertidos: 10000 elementos, Tempo de execução: 11ms, Comparações: 120451, Trocas: 133616
2025-03-13T13:35:45.307Z - Lendo arquivo: src/data/numbers_10000.txt, Algoritmo: tim, Tamanho do conjunto de dados: 10000, Dados lidos: 96683,30989,96090,48604,40193,98456,54471,5136,450..., Números convertidos: 10000 elementos, Tempo de execução: 8ms, Comparações: 136287, Trocas: 47412
2025-03-13T13:35:48.204Z - Lendo arquivo: src/data/numbers_10000.txt, Algoritmo: heap, Tamanho do conjunto de dados: 10000, Dados lidos: 96683,30989,96090,48604,40193,98456,54471,5136,450..., Números convertidos: 10000 elementos, Tempo de execução: 10ms, Comparações: 258294, Trocas: 124147
2025-03-13T13:35:51.790Z - Lendo arquivo: src/data/numbers_10000.txt, Algoritmo: counting, Tamanho do conjunto de dados: 10000, Dados lidos: 96683,30989,96090,48604,40193,98456,54471,5136,450..., Números convertidos: 10000 elementos, Tempo de execução: 7ms, Comparações: 109998, Trocas: 10000
2025-03-13T13:35:54.996Z - Lendo arquivo: src/data/numbers_10000.txt, Algoritmo: radix, Tamanho do conjunto de dados: 10000, Dados lidos: 96683,30989,96090,48604,40193,98456,54471,5136,450..., Números convertidos: 10000 elementos, Tempo de execução: 20ms, Comparações: 10044, Trocas: 50000
2025-03-13T13:35:57.371Z - Lendo arquivo: src/data/numbers_10000.txt, Algoritmo: shell, Tamanho do conjunto de dados: 10000, Dados lidos: 96683,30989,96090,48604,40193,98456,54471,5136,450..., Números convertidos: 10000 elementos, Tempo de execução: 11ms, Comparações: 153110, Trocas: 153110
2025-03-13T13:36:04.259Z - Lendo arquivo: src/data/numbers_1000.txt, Algoritmo: bubble, Tamanho do conjunto de dados: 1000, Dados lidos: 48682,77950,78905,13148,61286,55829,53839,4767,855..., Números convertidos: 1000 elementos, Tempo de execução: 10ms, Comparações: 499500, Trocas: 256162
2025-03-13T13:36:07.019Z - Lendo arquivo: src/data/numbers_1000.txt, Algoritmo: bubble-improved, Tamanho do conjunto de dados: 1000, Dados lidos: 48682,77950,78905,13148,61286,55829,53839,4767,855..., Números convertidos: 1000 elementos, Tempo de execução: 7ms, Comparações: 498324, Trocas: 256162
2025-03-13T13:36:09.215Z - Lendo arquivo: src/data/numbers_1000.txt, Algoritmo: insertion, Tamanho do conjunto de dados: 1000, Dados lidos: 48682,77950,78905,13148,61286,55829,53839,4767,855..., Números convertidos: 1000 elementos, Tempo de execução: 4ms, Comparações: 257161, Trocas: 256162
2025-03-13T13:36:11.541Z - Lendo arquivo: src/data/numbers_1000.txt, Algoritmo: selection, Tamanho do conjunto de dados: 1000, Dados lidos: 48682,77950,78905,13148,61286,55829,53839,4767,855..., Números convertidos: 1000 elementos, Tempo de execução: 5ms, Comparações: 499500, Trocas: 993
2025-03-13T13:36:13.925Z - Lendo arquivo: src/data/numbers_1000.txt, Algoritmo: quick, Tamanho do conjunto de dados: 1000, Dados lidos: 48682,77950,78905,13148,61286,55829,53839,4767,855..., Números convertidos: 1000 elementos, Tempo de execução: 6ms, Comparações: 10551, Trocas: 4209
2025-03-13T13:36:17.341Z - Lendo arquivo: src/data/numbers_1000.txt, Algoritmo: merge, Tamanho do conjunto de dados: 1000, Dados lidos: 48682,77950,78905,13148,61286,55829,53839,4767,855..., Números convertidos: 1000 elementos, Tempo de execução: 2ms, Comparações: 8698, Trocas: 9976
2025-03-13T13:36:21.783Z - Lendo arquivo: src/data/numbers_1000.txt, Algoritmo: tim, Tamanho do conjunto de dados: 1000, Dados lidos: 48682,77950,78905,13148,61286,55829,53839,4767,855..., Números convertidos: 1000 elementos, Tempo de execução: 1ms, Comparações: 12776, Trocas: 7832
2025-03-13T13:36:24.708Z - Lendo arquivo: src/data/numbers_1000.txt, Algoritmo: counting, Tamanho do conjunto de dados: 1000, Dados lidos: 48682,77950,78905,13148,61286,55829,53839,4767,855..., Números convertidos: 1000 elementos, Tempo de execução: 4ms, Comparações: 100917, Trocas: 1000
2025-03-13T13:36:27.746Z - Lendo arquivo: src/data/numbers_1000.txt, Algoritmo: radix, Tamanho do conjunto de dados: 1000, Dados lidos: 48682,77950,78905,13148,61286,55829,53839,4767,855..., Números convertidos: 1000 elementos, Tempo de execução: 1ms, Comparações: 1044, Trocas: 5000
2025-03-13T13:37:03.331Z - Lendo arquivo: src/data/numbers_100000.txt, Algoritmo: bubble, Tamanho do conjunto de dados: 100000, Dados lidos: 77109,80586,46409,8313,15921,27515,80388,75103,252..., Números convertidos: 100000 elementos, Tempo de execução: 27974ms, Comparações: 4999950000, Trocas: 2501456741
2025-03-13T13:37:40.494Z - Lendo arquivo: src/data/numbers_100000.txt, Algoritmo: bubble-improved, Tamanho do conjunto de dados: 100000, Dados lidos: 77109,80586,46409,8313,15921,27515,80388,75103,252..., Números convertidos: 100000 elementos, Tempo de execução: 27755ms, Comparações: 4999942497, Trocas: 2501456741
2025-03-13T13:38:54.807Z - Lendo arquivo: src/data/numbers_100000.txt, Algoritmo: insertion, Tamanho do conjunto de dados: 100000, Dados lidos: 77109,80586,46409,8313,15921,27515,80388,75103,252..., Números convertidos: 100000 elementos, Tempo de execução: 5865ms, Comparações: 2501556740, Trocas: 2501456741
2025-03-13T13:39:04.023Z - Lendo arquivo: src/data/numbers_100000.txt, Algoritmo: selection, Tamanho do conjunto de dados: 100000, Dados lidos: 77109,80586,46409,8313,15921,27515,80388,75103,252..., Números convertidos: 100000 elementos, Tempo de execução: 8012ms, Comparações: 4999950000, Trocas: 99985
2025-03-13T13:39:06.652Z - Lendo arquivo: src/data/numbers_100000.txt, Algoritmo: quick, Tamanho do conjunto de dados: 100000, Dados lidos: 77109,80586,46409,8313,15921,27515,80388,75103,252..., Números convertidos: 100000 elementos, Tempo de execução: 29ms, Comparações: 2109858, Trocas: 981640
2025-03-13T13:39:10.562Z - Lendo arquivo: src/data/numbers_100000.txt, Algoritmo: merge, Tamanho do conjunto de dados: 100000, Dados lidos: 77109,80586,46409,8313,15921,27515,80388,75103,252..., Números convertidos: 100000 elementos, Tempo de execução: 51ms, Comparações: 1536683, Trocas: 1668928
2025-03-13T13:39:16.536Z - Lendo arquivo: src/data/numbers_100000.txt, Algoritmo: tim, Tamanho do conjunto de dados: 100000, Dados lidos: 77109,80586,46409,8313,15921,27515,80388,75103,252..., Números convertidos: 100000 elementos, Tempo de execução: 33ms, Comparações: 1790081, Trocas: 599483
2025-03-13T13:39:19.010Z - Lendo arquivo: src/data/numbers_100000.txt, Algoritmo: heap, Tamanho do conjunto de dados: 100000, Dados lidos: 77109,80586,46409,8313,15921,27515,80388,75103,252..., Números convertidos: 100000 elementos, Tempo de execução: 42ms, Comparações: 3249464, Trocas: 1574732
2025-03-13T13:39:23.341Z - Lendo arquivo: src/data/numbers_100000.txt, Algoritmo: counting, Tamanho do conjunto de dados: 100000, Dados lidos: 77109,80586,46409,8313,15921,27515,80388,75103,252..., Números convertidos: 100000 elementos, Tempo de execução: 18ms, Comparações: 199998, Trocas: 100000
2025-03-13T13:39:29.111Z - Lendo arquivo: src/data/numbers_100000.txt, Algoritmo: radix, Tamanho do conjunto de dados: 100000, Dados lidos: 77109,80586,46409,8313,15921,27515,80388,75103,252..., Números convertidos: 100000 elementos, Tempo de execução: 33ms, Comparações: 100044, Trocas: 500000
2025-03-13T13:39:31.608Z - Lendo arquivo: src/data/numbers_100000.txt, Algoritmo: shell, Tamanho do conjunto de dados: 100000, Dados lidos: 77109,80586,46409,8313,15921,27515,80388,75103,252..., Números convertidos: 100000 elementos, Tempo de execução: 40ms, Comparações: 2869844, Trocas: 2869844
2025-03-13T13:41:42.722Z - Lendo arquivo: src/data/numbers_1000.txt, Algoritmo: bubble, Tamanho do conjunto de dados: 1000, Dados lidos: 724,59883,36852,82286,80220,39832,69430,54544,4146..., Números convertidos: 1000 elementos, Tempo de execução: 7ms, Comparações: 499500, Trocas: 241588
2025-03-13T13:42:17.836Z - Lendo arquivo: src/data/numbers_1000.txt, Algoritmo: bubble-improved, Tamanho do conjunto de dados: 1000, Dados lidos: 724,59883,36852,82286,80220,39832,69430,54544,4146..., Números convertidos: 1000 elementos, Tempo de execução: 6ms, Comparações: 498069, Trocas: 241588
2025-03-13T13:42:26.953Z - Lendo arquivo: src/data/numbers_1000.txt, Algoritmo: insertion, Tamanho do conjunto de dados: 1000, Dados lidos: 724,59883,36852,82286,80220,39832,69430,54544,4146..., Números convertidos: 1000 elementos, Tempo de execução: 2ms, Comparações: 242587, Trocas: 241588
2025-03-13T13:42:29.474Z - Lendo arquivo: src/data/numbers_1000.txt, Algoritmo: selection, Tamanho do conjunto de dados: 1000, Dados lidos: 724,59883,36852,82286,80220,39832,69430,54544,4146..., Números convertidos: 1000 elementos, Tempo de execução: 5ms, Comparações: 499500, Trocas: 990
2025-03-13T13:42:32.684Z - Lendo arquivo: src/data/numbers_1000.txt, Algoritmo: quick, Tamanho do conjunto de dados: 1000, Dados lidos: 724,59883,36852,82286,80220,39832,69430,54544,4146..., Números convertidos: 1000 elementos, Tempo de execução: 2ms, Comparações: 10117, Trocas: 4436
2025-03-13T13:42:35.289Z - Lendo arquivo: src/data/numbers_1000.txt, Algoritmo: merge, Tamanho do conjunto de dados: 1000, Dados lidos: 724,59883,36852,82286,80220,39832,69430,54544,4146..., Números convertidos: 1000 elementos, Tempo de execução: 2ms, Comparações: 8693, Trocas: 9976
2025-03-13T13:42:37.719Z - Lendo arquivo: src/data/numbers_1000.txt, Algoritmo: tim, Tamanho do conjunto de dados: 1000, Dados lidos: 724,59883,36852,82286,80220,39832,69430,54544,4146..., Números convertidos: 1000 elementos, Tempo de execução: 1ms, Comparações: 12841, Trocas: 7897
2025-03-13T13:42:40.962Z - Lendo arquivo: src/data/numbers_1000.txt, Algoritmo: heap, Tamanho do conjunto de dados: 1000, Dados lidos: 724,59883,36852,82286,80220,39832,69430,54544,4146..., Números convertidos: 1000 elementos, Tempo de execução: 3ms, Comparações: 19248, Trocas: 9124
2025-03-13T13:42:43.255Z - Lendo arquivo: src/data/numbers_1000.txt, Algoritmo: counting, Tamanho do conjunto de dados: 1000, Dados lidos: 724,59883,36852,82286,80220,39832,69430,54544,4146..., Números convertidos: 1000 elementos, Tempo de execução: 3ms, Comparações: 100957, Trocas: 1000
2025-03-13T13:42:45.539Z - Lendo arquivo: src/data/numbers_1000.txt, Algoritmo: radix, Tamanho do conjunto de dados: 1000, Dados lidos: 724,59883,36852,82286,80220,39832,69430,54544,4146..., Números convertidos: 1000 elementos, Tempo de execução: 2ms, Comparações: 1044, Trocas: 5000
2025-03-13T13:42:48.176Z - Lendo arquivo: src/data/numbers_1000.txt, Algoritmo: shell, Tamanho do conjunto de dados: 1000, Dados lidos: 724,59883,36852,82286,80220,39832,69430,54544,4146..., Números convertidos: 1000 elementos, Tempo de execução: 1ms, Comparações: 8289, Trocas: 8289
2025-03-13T13:42:58.382Z - Lendo arquivo: src/data/numbers_10000.txt, Algoritmo: bubble, Tamanho do conjunto de dados: 10000, Dados lidos: 30467,51223,14738,24245,35331,8648,26620,49524,896..., Números convertidos: 10000 elementos, Tempo de execução: 224ms, Comparações: 49995000, Trocas: 24900775
2025-03-13T13:43:02.490Z - Lendo arquivo: src/data/numbers_10000.txt, Algoritmo: bubble-improved, Tamanho do conjunto de dados: 10000, Dados lidos: 30467,51223,14738,24245,35331,8648,26620,49524,896..., Números convertidos: 10000 elementos, Tempo de execução: 251ms, Comparações: 49993170, Trocas: 24900775
2025-03-13T13:43:05.477Z - Lendo arquivo: src/data/numbers_10000.txt, Algoritmo: insertion, Tamanho do conjunto de dados: 10000, Dados lidos: 30467,51223,14738,24245,35331,8648,26620,49524,896..., Números convertidos: 10000 elementos, Tempo de execução: 55ms, Comparações: 24910774, Trocas: 24900775
2025-03-13T13:43:08.125Z - Lendo arquivo: src/data/numbers_10000.txt, Algoritmo: selection, Tamanho do conjunto de dados: 10000, Dados lidos: 30467,51223,14738,24245,35331,8648,26620,49524,896..., Números convertidos: 10000 elementos, Tempo de execução: 77ms, Comparações: 49995000, Trocas: 9989
2025-03-13T13:43:10.121Z - Lendo arquivo: src/data/numbers_10000.txt, Algoritmo: quick, Tamanho do conjunto de dados: 10000, Dados lidos: 30467,51223,14738,24245,35331,8648,26620,49524,896..., Números convertidos: 10000 elementos, Tempo de execução: 10ms, Comparações: 154612, Trocas: 78431
2025-03-13T13:43:12.481Z - Lendo arquivo: src/data/numbers_10000.txt, Algoritmo: merge, Tamanho do conjunto de dados: 10000, Dados lidos: 30467,51223,14738,24245,35331,8648,26620,49524,896..., Números convertidos: 10000 elementos, Tempo de execução: 8ms, Comparações: 120438, Trocas: 133616
2025-03-13T13:43:14.766Z - Lendo arquivo: src/data/numbers_10000.txt, Algoritmo: tim, Tamanho do conjunto de dados: 10000, Dados lidos: 30467,51223,14738,24245,35331,8648,26620,49524,896..., Números convertidos: 10000 elementos, Tempo de execução: 7ms, Comparações: 136516, Trocas: 47681
2025-03-13T13:43:17.275Z - Lendo arquivo: src/data/numbers_10000.txt, Algoritmo: heap, Tamanho do conjunto de dados: 10000, Dados lidos: 30467,51223,14738,24245,35331,8648,26620,49524,896..., Números convertidos: 10000 elementos, Tempo de execução: 8ms, Comparações: 258496, Trocas: 124248
2025-03-13T13:43:19.709Z - Lendo arquivo: src/data/numbers_10000.txt, Algoritmo: counting, Tamanho do conjunto de dados: 10000, Dados lidos: 30467,51223,14738,24245,35331,8648,26620,49524,896..., Números convertidos: 10000 elementos, Tempo de execução: 7ms, Comparações: 109978, Trocas: 10000
2025-03-13T13:43:21.908Z - Lendo arquivo: src/data/numbers_10000.txt, Algoritmo: radix, Tamanho do conjunto de dados: 10000, Dados lidos: 30467,51223,14738,24245,35331,8648,26620,49524,896..., Números convertidos: 10000 elementos, Tempo de execução: 11ms, Comparações: 10044, Trocas: 50000
2025-03-13T13:43:24.037Z - Lendo arquivo: src/data/numbers_10000.txt, Algoritmo: shell, Tamanho do conjunto de dados: 10000, Dados lidos: 30467,51223,14738,24245,35331,8648,26620,49524,896..., Números convertidos: 10000 elementos, Tempo de execução: 8ms, Comparações: 155099, Trocas: 155099
2025-03-13T13:44:10.735Z - Lendo arquivo: src/data/numbers_100000.txt, Algoritmo: bubble, Tamanho do conjunto de dados: 100000, Dados lidos: 83717,28592,33486,2541,57477,76970,66296,73209,993..., Números convertidos: 100000 elementos, Tempo de execução: 24253ms, Comparações: 4999950000, Trocas: 2506789056
2025-03-13T13:44:41.366Z - Lendo arquivo: src/data/numbers_100000.txt, Algoritmo: bubble-improved, Tamanho do conjunto de dados: 100000, Dados lidos: 83717,28592,33486,2541,57477,76970,66296,73209,993..., Números convertidos: 100000 elementos, Tempo de execução: 27707ms, Comparações: 4999929497, Trocas: 2506789056
2025-03-13T13:44:49.482Z - Lendo arquivo: src/data/numbers_100000.txt, Algoritmo: insertion, Tamanho do conjunto de dados: 100000, Dados lidos: 83717,28592,33486,2541,57477,76970,66296,73209,993..., Números convertidos: 100000 elementos, Tempo de execução: 5734ms, Comparações: 2506889055, Trocas: 2506789056
2025-03-13T13:44:58.723Z - Lendo arquivo: src/data/numbers_100000.txt, Algoritmo: selection, Tamanho do conjunto de dados: 100000, Dados lidos: 83717,28592,33486,2541,57477,76970,66296,73209,993..., Números convertidos: 100000 elementos, Tempo de execução: 8081ms, Comparações: 4999950000, Trocas: 99987
2025-03-13T13:46:28.320Z - Lendo arquivo: src/data/numbers_100000.txt, Algoritmo: quick, Tamanho do conjunto de dados: 100000, Dados lidos: 83717,28592,33486,2541,57477,76970,66296,73209,993..., Números convertidos: 100000 elementos, Tempo de execução: 25ms, Comparações: 2103881, Trocas: 1076529
2025-03-13T13:46:38.060Z - Lendo arquivo: src/data/numbers_100000.txt, Algoritmo: merge, Tamanho do conjunto de dados: 100000, Dados lidos: 83717,28592,33486,2541,57477,76970,66296,73209,993..., Números convertidos: 100000 elementos, Tempo de execução: 58ms, Comparações: 1536239, Trocas: 1668928
2025-03-13T13:46:43.602Z - Lendo arquivo: src/data/numbers_100000.txt, Algoritmo: tim, Tamanho do conjunto de dados: 100000, Dados lidos: 83717,28592,33486,2541,57477,76970,66296,73209,993..., Números convertidos: 100000 elementos, Tempo de execução: 31ms, Comparações: 1790443, Trocas: 599882
2025-03-13T13:46:46.187Z - Lendo arquivo: src/data/numbers_100000.txt, Algoritmo: heap, Tamanho do conjunto de dados: 100000, Dados lidos: 83717,28592,33486,2541,57477,76970,66296,73209,993..., Números convertidos: 100000 elementos, Tempo de execução: 41ms, Comparações: 3250340, Trocas: 1575170
2025-03-13T13:46:49.392Z - Lendo arquivo: src/data/numbers_100000.txt, Algoritmo: counting, Tamanho do conjunto de dados: 100000, Dados lidos: 83717,28592,33486,2541,57477,76970,66296,73209,993..., Números convertidos: 100000 elementos, Tempo de execução: 17ms, Comparações: 199997, Trocas: 100000
2025-03-13T13:46:52.240Z - Lendo arquivo: src/data/numbers_100000.txt, Algoritmo: radix, Tamanho do conjunto de dados: 100000, Dados lidos: 83717,28592,33486,2541,57477,76970,66296,73209,993..., Números convertidos: 100000 elementos, Tempo de execução: 35ms, Comparações: 100044, Trocas: 500000
2025-03-13T13:46:54.862Z - Lendo arquivo: src/data/numbers_100000.txt, Algoritmo: shell, Tamanho do conjunto de dados: 100000, Dados lidos: 83717,28592,33486,2541,57477,76970,66296,73209,993..., Números convertidos: 100000 elementos, Tempo de execução: 37ms, Comparações: 2761899, Trocas: 2761899
2025-03-13T13:59:50.290Z - Lendo arquivo: src/data/numbers_1000.txt, Algoritmo: bubble, Tamanho do conjunto de dados: 1000, Dados lidos: 57032,34341,65787,75044,43599,93733,22985,85734,70..., Números convertidos: 1000 elementos, Tempo de execução: 10ms, Comparações: 499500, Trocas: 258955
2025-03-13T13:59:52.666Z - Lendo arquivo: src/data/numbers_1000.txt, Algoritmo: bubble-improved, Tamanho do conjunto de dados: 1000, Dados lidos: 57032,34341,65787,75044,43599,93733,22985,85734,70..., Números convertidos: 1000 elementos, Tempo de execução: 6ms, Comparações: 498419, Trocas: 258955
2025-03-13T13:59:54.772Z - Lendo arquivo: src/data/numbers_1000.txt, Algoritmo: insertion, Tamanho do conjunto de dados: 1000, Dados lidos: 57032,34341,65787,75044,43599,93733,22985,85734,70..., Números convertidos: 1000 elementos, Tempo de execução: 5ms, Comparações: 259954, Trocas: 258955
2025-03-13T13:59:57.035Z - Lendo arquivo: src/data/numbers_1000.txt, Algoritmo: selection, Tamanho do conjunto de dados: 1000, Dados lidos: 57032,34341,65787,75044,43599,93733,22985,85734,70..., Números convertidos: 1000 elementos, Tempo de execução: 5ms, Comparações: 499500, Trocas: 992
2025-03-13T13:59:59.152Z - Lendo arquivo: src/data/numbers_1000.txt, Algoritmo: quick, Tamanho do conjunto de dados: 1000, Dados lidos: 57032,34341,65787,75044,43599,93733,22985,85734,70..., Números convertidos: 1000 elementos, Tempo de execução: 4ms, Comparações: 11628, Trocas: 5414
2025-03-13T14:00:01.157Z - Lendo arquivo: src/data/numbers_1000.txt, Algoritmo: merge, Tamanho do conjunto de dados: 1000, Dados lidos: 57032,34341,65787,75044,43599,93733,22985,85734,70..., Números convertidos: 1000 elementos, Tempo de execução: 1ms, Comparações: 8710, Trocas: 9976
2025-03-13T14:00:03.163Z - Lendo arquivo: src/data/numbers_1000.txt, Algoritmo: tim, Tamanho do conjunto de dados: 1000, Dados lidos: 57032,34341,65787,75044,43599,93733,22985,85734,70..., Números convertidos: 1000 elementos, Tempo de execução: 2ms, Comparações: 12796, Trocas: 7843
2025-03-13T14:00:05.194Z - Lendo arquivo: src/data/numbers_1000.txt, Algoritmo: heap, Tamanho do conjunto de dados: 1000, Dados lidos: 57032,34341,65787,75044,43599,93733,22985,85734,70..., Números convertidos: 1000 elementos, Tempo de execução: 3ms, Comparações: 19124, Trocas: 9062
2025-03-13T14:00:07.286Z - Lendo arquivo: src/data/numbers_1000.txt, Algoritmo: counting, Tamanho do conjunto de dados: 1000, Dados lidos: 57032,34341,65787,75044,43599,93733,22985,85734,70..., Números convertidos: 1000 elementos, Tempo de execução: 5ms, Comparações: 100906, Trocas: 1000
2025-03-13T14:00:09.565Z - Lendo arquivo: src/data/numbers_1000.txt, Algoritmo: radix, Tamanho do conjunto de dados: 1000, Dados lidos: 57032,34341,65787,75044,43599,93733,22985,85734,70..., Números convertidos: 1000 elementos, Tempo de execução: 2ms, Comparações: 1044, Trocas: 5000
2025-03-13T14:00:12.200Z - Lendo arquivo: src/data/numbers_1000.txt, Algoritmo: shell, Tamanho do conjunto de dados: 1000, Dados lidos: 57032,34341,65787,75044,43599,93733,22985,85734,70..., Números convertidos: 1000 elementos, Tempo de execução: 1ms, Comparações: 8202, Trocas: 8202
2025-03-13T14:00:17.276Z - Lendo arquivo: src/data/numbers_10000.txt, Algoritmo: bubble, Tamanho do conjunto de dados: 10000, Dados lidos: 83569,80756,7252,70237,53165,43394,93321,9253,1498..., Números convertidos: 10000 elementos, Tempo de execução: 248ms, Comparações: 49995000, Trocas: 24787091
2025-03-13T14:00:19.278Z - Lendo arquivo: src/data/numbers_10000.txt, Algoritmo: bubble-improved, Tamanho do conjunto de dados: 10000, Dados lidos: 83569,80756,7252,70237,53165,43394,93321,9253,1498..., Números convertidos: 10000 elementos, Tempo de execução: 276ms, Comparações: 49987497, Trocas: 24787091
2025-03-13T14:00:21.061Z - Lendo arquivo: src/data/numbers_10000.txt, Algoritmo: insertion, Tamanho do conjunto de dados: 10000, Dados lidos: 83569,80756,7252,70237,53165,43394,93321,9253,1498..., Números convertidos: 10000 elementos, Tempo de execução: 67ms, Comparações: 24797090, Trocas: 24787091
2025-03-13T14:00:23.166Z - Lendo arquivo: src/data/numbers_10000.txt, Algoritmo: selection, Tamanho do conjunto de dados: 10000, Dados lidos: 83569,80756,7252,70237,53165,43394,93321,9253,1498..., Números convertidos: 10000 elementos, Tempo de execução: 85ms, Comparações: 49995000, Trocas: 9989
2025-03-13T14:00:24.960Z - Lendo arquivo: src/data/numbers_10000.txt, Algoritmo: quick, Tamanho do conjunto de dados: 10000, Dados lidos: 83569,80756,7252,70237,53165,43394,93321,9253,1498..., Números convertidos: 10000 elementos, Tempo de execução: 11ms, Comparações: 151052, Trocas: 61445
2025-03-13T14:00:27.173Z - Lendo arquivo: src/data/numbers_10000.txt, Algoritmo: merge, Tamanho do conjunto de dados: 10000, Dados lidos: 83569,80756,7252,70237,53165,43394,93321,9253,1498..., Números convertidos: 10000 elementos, Tempo de execução: 15ms, Comparações: 120516, Trocas: 133616
2025-03-13T14:00:29.355Z - Lendo arquivo: src/data/numbers_10000.txt, Algoritmo: tim, Tamanho do conjunto de dados: 10000, Dados lidos: 83569,80756,7252,70237,53165,43394,93321,9253,1498..., Números convertidos: 10000 elementos, Tempo de execução: 10ms, Comparações: 135734, Trocas: 46856
2025-03-13T14:00:31.618Z - Lendo arquivo: src/data/numbers_10000.txt, Algoritmo: heap, Tamanho do conjunto de dados: 10000, Dados lidos: 83569,80756,7252,70237,53165,43394,93321,9253,1498..., Números convertidos: 10000 elementos, Tempo de execução: 16ms, Comparações: 258286, Trocas: 124143
2025-03-13T14:00:33.931Z - Lendo arquivo: src/data/numbers_10000.txt, Algoritmo: counting, Tamanho do conjunto de dados: 10000, Dados lidos: 83569,80756,7252,70237,53165,43394,93321,9253,1498..., Números convertidos: 10000 elementos, Tempo de execução: 9ms, Comparações: 109992, Trocas: 10000
2025-03-13T14:00:36.338Z - Lendo arquivo: src/data/numbers_10000.txt, Algoritmo: radix, Tamanho do conjunto de dados: 10000, Dados lidos: 83569,80756,7252,70237,53165,43394,93321,9253,1498..., Números convertidos: 10000 elementos, Tempo de execução: 15ms, Comparações: 10044, Trocas: 50000
2025-03-13T14:00:38.929Z - Lendo arquivo: src/data/numbers_10000.txt, Algoritmo: shell, Tamanho do conjunto de dados: 10000, Dados lidos: 83569,80756,7252,70237,53165,43394,93321,9253,1498..., Números convertidos: 10000 elementos, Tempo de execução: 7ms, Comparações: 154714, Trocas: 154714
2025-03-13T14:01:14.072Z - Lendo arquivo: src/data/numbers_1000.txt, Algoritmo: bubble, Tamanho do conjunto de dados: 1000, Dados lidos: 169,42923,28481,12235,65687,63437,43708,70646,5120..., Números convertidos: 1000 elementos, Tempo de execução: 9ms, Comparações: 499500, Trocas: 256620
2025-03-13T14:01:15.802Z - Lendo arquivo: src/data/numbers_1000.txt, Algoritmo: bubble-improved, Tamanho do conjunto de dados: 1000, Dados lidos: 169,42923,28481,12235,65687,63437,43708,70646,5120..., Números convertidos: 1000 elementos, Tempo de execução: 8ms, Comparações: 498797, Trocas: 256620
2025-03-13T14:01:17.605Z - Lendo arquivo: src/data/numbers_1000.txt, Algoritmo: insertion, Tamanho do conjunto de dados: 1000, Dados lidos: 169,42923,28481,12235,65687,63437,43708,70646,5120..., Números convertidos: 1000 elementos, Tempo de execução: 5ms, Comparações: 257619, Trocas: 256620
2025-03-13T14:01:19.420Z - Lendo arquivo: src/data/numbers_1000.txt, Algoritmo: selection, Tamanho do conjunto de dados: 1000, Dados lidos: 169,42923,28481,12235,65687,63437,43708,70646,5120..., Números convertidos: 1000 elementos, Tempo de execução: 5ms, Comparações: 499500, Trocas: 990
2025-03-13T14:01:21.293Z - Lendo arquivo: src/data/numbers_1000.txt, Algoritmo: quick, Tamanho do conjunto de dados: 1000, Dados lidos: 169,42923,28481,12235,65687,63437,43708,70646,5120..., Números convertidos: 1000 elementos, Tempo de execução: 4ms, Comparações: 10068, Trocas: 4986
2025-03-13T14:01:23.896Z - Lendo arquivo: src/data/numbers_1000.txt, Algoritmo: merge, Tamanho do conjunto de dados: 1000, Dados lidos: 169,42923,28481,12235,65687,63437,43708,70646,5120..., Números convertidos: 1000 elementos, Tempo de execução: 2ms, Comparações: 8683, Trocas: 9976
2025-03-13T14:01:27.558Z - Lendo arquivo: src/data/numbers_1000.txt, Algoritmo: tim, Tamanho do conjunto de dados: 1000, Dados lidos: 169,42923,28481,12235,65687,63437,43708,70646,5120..., Números convertidos: 1000 elementos, Tempo de execução: 2ms, Comparações: 12555, Trocas: 7632
2025-03-13T14:01:30.419Z - Lendo arquivo: src/data/numbers_1000.txt, Algoritmo: heap, Tamanho do conjunto de dados: 1000, Dados lidos: 169,42923,28481,12235,65687,63437,43708,70646,5120..., Números convertidos: 1000 elementos, Tempo de execução: 5ms, Comparações: 19154, Trocas: 9077
2025-03-13T14:01:33.175Z - Lendo arquivo: src/data/numbers_1000.txt, Algoritmo: counting, Tamanho do conjunto de dados: 1000, Dados lidos: 169,42923,28481,12235,65687,63437,43708,70646,5120..., Números convertidos: 1000 elementos, Tempo de execução: 4ms, Comparações: 100947, Trocas: 1000
2025-03-13T14:01:35.214Z - Lendo arquivo: src/data/numbers_1000.txt, Algoritmo: radix, Tamanho do conjunto de dados: 1000, Dados lidos: 169,42923,28481,12235,65687,63437,43708,70646,5120..., Números convertidos: 1000 elementos, Tempo de execução: 2ms, Comparações: 1044, Trocas: 5000
2025-03-13T14:01:38.004Z - Lendo arquivo: src/data/numbers_1000.txt, Algoritmo: shell, Tamanho do conjunto de dados: 1000, Dados lidos: 169,42923,28481,12235,65687,63437,43708,70646,5120..., Números convertidos: 1000 elementos, Tempo de execução: 1ms, Comparações: 7579, Trocas: 7579
2025-03-13T14:01:42.080Z - Lendo arquivo: src/data/numbers_10000.txt, Algoritmo: bubble, Tamanho do conjunto de dados: 10000, Dados lidos: 44371,72304,76885,42656,26314,54430,98442,52699,69..., Números convertidos: 10000 elementos, Tempo de execução: 248ms, Comparações: 49995000, Trocas: 24913156
2025-03-13T14:01:44.443Z - Lendo arquivo: src/data/numbers_10000.txt, Algoritmo: bubble-improved, Tamanho do conjunto de dados: 10000, Dados lidos: 44371,72304,76885,42656,26314,54430,98442,52699,69..., Números convertidos: 10000 elementos, Tempo de execução: 259ms, Comparações: 49986354, Trocas: 24913156
2025-03-13T14:01:46.676Z - Lendo arquivo: src/data/numbers_10000.txt, Algoritmo: insertion, Tamanho do conjunto de dados: 10000, Dados lidos: 44371,72304,76885,42656,26314,54430,98442,52699,69..., Números convertidos: 10000 elementos, Tempo de execução: 71ms, Comparações: 24923155, Trocas: 24913156
2025-03-13T14:01:49.109Z - Lendo arquivo: src/data/numbers_10000.txt, Algoritmo: selection, Tamanho do conjunto de dados: 10000, Dados lidos: 44371,72304,76885,42656,26314,54430,98442,52699,69..., Números convertidos: 10000 elementos, Tempo de execução: 84ms, Comparações: 49995000, Trocas: 9992
2025-03-13T14:01:50.870Z - Lendo arquivo: src/data/numbers_10000.txt, Algoritmo: quick, Tamanho do conjunto de dados: 10000, Dados lidos: 44371,72304,76885,42656,26314,54430,98442,52699,69..., Números convertidos: 10000 elementos, Tempo de execução: 11ms, Comparações: 156848, Trocas: 64831
2025-03-13T14:01:53.663Z - Lendo arquivo: src/data/numbers_10000.txt, Algoritmo: merge, Tamanho do conjunto de dados: 10000, Dados lidos: 44371,72304,76885,42656,26314,54430,98442,52699,69..., Números convertidos: 10000 elementos, Tempo de execução: 14ms, Comparações: 120469, Trocas: 133616
2025-03-13T14:01:56.091Z - Lendo arquivo: src/data/numbers_10000.txt, Algoritmo: tim, Tamanho do conjunto de dados: 10000, Dados lidos: 44371,72304,76885,42656,26314,54430,98442,52699,69..., Números convertidos: 10000 elementos, Tempo de execução: 10ms, Comparações: 136746, Trocas: 47877
2025-03-13T14:01:58.351Z - Lendo arquivo: src/data/numbers_10000.txt, Algoritmo: heap, Tamanho do conjunto de dados: 10000, Dados lidos: 44371,72304,76885,42656,26314,54430,98442,52699,69..., Números convertidos: 10000 elementos, Tempo de execução: 10ms, Comparações: 258232, Trocas: 124116
2025-03-13T14:02:00.400Z - Lendo arquivo: src/data/numbers_10000.txt, Algoritmo: counting, Tamanho do conjunto de dados: 10000, Dados lidos: 44371,72304,76885,42656,26314,54430,98442,52699,69..., Números convertidos: 10000 elementos, Tempo de execução: 8ms, Comparações: 109997, Trocas: 10000
2025-03-13T14:02:04.291Z - Lendo arquivo: src/data/numbers_10000.txt, Algoritmo: radix, Tamanho do conjunto de dados: 10000, Dados lidos: 44371,72304,76885,42656,26314,54430,98442,52699,69..., Números convertidos: 10000 elementos, Tempo de execução: 14ms, Comparações: 10044, Trocas: 50000
2025-03-13T14:02:07.124Z - Lendo arquivo: src/data/numbers_10000.txt, Algoritmo: radix, Tamanho do conjunto de dados: 10000, Dados lidos: 44371,72304,76885,42656,26314,54430,98442,52699,69..., Números convertidos: 10000 elementos, Tempo de execução: 13ms, Comparações: 10044, Trocas: 50000
2025-03-13T14:02:10.809Z - Lendo arquivo: src/data/numbers_10000.txt, Algoritmo: shell, Tamanho do conjunto de dados: 10000, Dados lidos: 44371,72304,76885,42656,26314,54430,98442,52699,69..., Números convertidos: 10000 elementos, Tempo de execução: 7ms, Comparações: 153023, Trocas: 153023
2025-03-13T14:10:40.599Z - Lendo arquivo: src/data/numbers_1000.txt, Algoritmo: bubble, Tamanho do conjunto de dados: 1000, Dados lidos: 169,42923,28481,12235,65687,63437,43708,70646,5120..., Números convertidos: 1000 elementos, Tempo de execução: 8ms, Comparações: 499500, Trocas: 256620
2025-03-13T14:10:47.529Z - Lendo arquivo: src/data/numbers_1000.txt, Algoritmo: bubble-improved, Tamanho do conjunto de dados: 1000, Dados lidos: 169,42923,28481,12235,65687,63437,43708,70646,5120..., Números convertidos: 1000 elementos, Tempo de execução: 10ms, Comparações: 498797, Trocas: 256620
2025-03-13T14:11:01.367Z - Lendo arquivo: src/data/numbers_1000.txt, Algoritmo: quick, Tamanho do conjunto de dados: 1000, Dados lidos: 169,42923,28481,12235,65687,63437,43708,70646,5120..., Números convertidos: 1000 elementos, Tempo de execução: 3ms, Comparações: 10068, Trocas: 4986
2025-03-13T14:12:57.884Z - Lendo arquivo: src/data/numbers_1000.txt, Algoritmo: bubble, Tamanho do conjunto de dados: 1000, Dados lidos: 98452,55935,34655,76443,1333,50027,81259,23027,146..., Números convertidos: 1000 elementos, Tempo de execução: 7ms, Comparações: 499500, Trocas: 248408
2025-03-13T14:16:34.851Z - Lendo arquivo: src/data/numbers_1000.txt, Algoritmo: bubble, Tamanho do conjunto de dados: 1000, Dados lidos: 98452,55935,34655,76443,1333,50027,81259,23027,146..., Números convertidos: 1000 elementos, Tempo de execução: 9ms, Comparações: 499500, Trocas: 248408
2025-03-13T14:16:37.668Z - Lendo arquivo: src/data/numbers_1000.txt, Algoritmo: bubble, Tamanho do conjunto de dados: 1000, Dados lidos: 98452,55935,34655,76443,1333,50027,81259,23027,146..., Números convertidos: 1000 elementos, Tempo de execução: 9ms, Comparações: 499500, Trocas: 248408
2025-03-13T14:16:42.467Z - Lendo arquivo: src/data/numbers_1000.txt, Algoritmo: radix, Tamanho do conjunto de dados: 1000, Dados lidos: 98452,55935,34655,76443,1333,50027,81259,23027,146..., Números convertidos: 1000 elementos, Tempo de execução: 2ms, Comparações: 1044, Trocas: 5000
2025-03-13T14:16:43.924Z - Lendo arquivo: src/data/numbers_1000.txt, Algoritmo: selection, Tamanho do conjunto de dados: 1000, Dados lidos: 98452,55935,34655,76443,1333,50027,81259,23027,146..., Números convertidos: 1000 elementos, Tempo de execução: 7ms, Comparações: 499500, Trocas: 992
2025-03-13T14:16:47.098Z - Lendo arquivo: src/data/numbers_1000.txt, Algoritmo: insertion, Tamanho do conjunto de dados: 1000, Dados lidos: 98452,55935,34655,76443,1333,50027,81259,23027,146..., Números convertidos: 1000 elementos, Tempo de execução: 4ms, Comparações: 249407, Trocas: 248408
2025-03-13T14:23:24.040Z - Lendo arquivo: src/data/numbers_1000.txt, Algoritmo: bubble, Tamanho do conjunto de dados: 1000, Dados lidos: 98452,55935,34655,76443,1333,50027,81259,23027,146..., Números convertidos: 1000 elementos, Tempo de execução: 15ms, Comparações: 499500, Trocas: 248408
2025-03-13T14:23:45.622Z - Lendo arquivo: src/data/numbers_10000.txt, Algoritmo: bubble, Tamanho do conjunto de dados: 10000, Dados lidos: 50425,16183,97847,96187,36778,95651,73011,16176,84..., Números convertidos: 10000 elementos, Tempo de execução: 239ms, Comparações: 49995000, Trocas: 25308908
2025-03-13T14:23:56.147Z - Lendo arquivo: src/data/numbers_10000.txt, Algoritmo: merge, Tamanho do conjunto de dados: 10000, Dados lidos: 50425,16183,97847,96187,36778,95651,73011,16176,84..., Números convertidos: 10000 elementos, Tempo de execução: 11ms, Comparações: 120522, Trocas: 133616
2025-03-13T14:24:05.912Z - Lendo arquivo: src/data/numbers_10000.txt, Algoritmo: quick, Tamanho do conjunto de dados: 10000, Dados lidos: 50425,16183,97847,96187,36778,95651,73011,16176,84..., Números convertidos: 10000 elementos, Tempo de execução: 9ms, Comparações: 145503, Trocas: 65868
2025-03-13T15:09:19.065Z - Lendo arquivo: src/data/numbers_10000.txt, Algoritmo: quick, Tamanho do conjunto de dados: 10000, Dados lidos: 50425,16183,97847,96187,36778,95651,73011,16176,84..., Números convertidos: 10000 elementos, Tempo de execução: 42ms, Comparações: 145503, Trocas: 65868
2025-03-13T15:09:24.993Z - Lendo arquivo: src/data/numbers_10000.txt, Algoritmo: merge, Tamanho do conjunto de dados: 10000, Dados lidos: 50425,16183,97847,96187,36778,95651,73011,16176,84..., Números convertidos: 10000 elementos, Tempo de execução: 56ms, Comparações: 120522, Trocas: 133616
2025-03-13T15:09:37.244Z - Lendo arquivo: src/data/numbers_1000.txt, Algoritmo: quick, Tamanho do conjunto de dados: 1000, Dados lidos: 98452,55935,34655,76443,1333,50027,81259,23027,146..., Números convertidos: 1000 elementos, Tempo de execução: 4ms, Comparações: 10032, Trocas: 4136
2025-03-13T15:09:41.798Z - Lendo arquivo: src/data/numbers_1000.txt, Algoritmo: merge, Tamanho do conjunto de dados: 1000, Dados lidos: 98452,55935,34655,76443,1333,50027,81259,23027,146..., Números convertidos: 1000 elementos, Tempo de execução: 11ms, Comparações: 8715, Trocas: 9976
2025-03-13T15:09:45.857Z - Lendo arquivo: src/data/numbers_1000.txt, Algoritmo: tim, Tamanho do conjunto de dados: 1000, Dados lidos: 98452,55935,34655,76443,1333,50027,81259,23027,146..., Números convertidos: 1000 elementos, Tempo de execução: 5ms, Comparações: 12483, Trocas: 7545
2025-03-13T15:09:49.992Z - Lendo arquivo: src/data/numbers_1000.txt, Algoritmo: heap, Tamanho do conjunto de dados: 1000, Dados lidos: 98452,55935,34655,76443,1333,50027,81259,23027,146..., Números convertidos: 1000 elementos, Tempo de execução: 19ms, Comparações: 19220, Trocas: 9110
2025-03-13T15:09:59.179Z - Lendo arquivo: src/data/numbers_1000.txt, Algoritmo: counting, Tamanho do conjunto de dados: 1000, Dados lidos: 98452,55935,34655,76443,1333,50027,81259,23027,146..., Números convertidos: 1000 elementos, Tempo de execução: 10ms, Comparações: 100798, Trocas: 1000
2025-03-13T21:46:54.484Z - Lendo arquivo: src/data/numbers_1000.txt, Algoritmo: bubble, Tamanho do conjunto de dados: 1000, Dados lidos: 63269,29350,22838,19614,30397,17000,30115,16869,27..., Números convertidos: 1000 elementos, Tempo de execução: 8ms, Comparações: 499500, Trocas: 251513
2025-03-13T21:48:28.765Z - Lendo arquivo: src/data/numbers_1000.txt, Algoritmo: bubble, Tamanho do conjunto de dados: 1000, Dados lidos: 63269,29350,22838,19614,30397,17000,30115,16869,27..., Números convertidos: 1000 elementos, Tempo de execução: 12ms, Comparações: 499500, Trocas: 251513
2025-03-13T21:48:30.725Z - Lendo arquivo: src/data/numbers_1000.txt, Algoritmo: selection, Tamanho do conjunto de dados: 1000, Dados lidos: 63269,29350,22838,19614,30397,17000,30115,16869,27..., Números convertidos: 1000 elementos, Tempo de execução: 8ms, Comparações: 499500, Trocas: 991
2025-03-13T21:48:33.701Z - Lendo arquivo: src/data/numbers_1000.txt, Algoritmo: tim, Tamanho do conjunto de dados: 1000, Dados lidos: 63269,29350,22838,19614,30397,17000,30115,16869,27..., Números convertidos: 1000 elementos, Tempo de execução: 1ms, Comparações: 12404, Trocas: 7470
2025-03-13T21:48:40.616Z - Lendo arquivo: src/data/numbers_1000.txt, Algoritmo: tim, Tamanho do conjunto de dados: 1000, Dados lidos: 63269,29350,22838,19614,30397,17000,30115,16869,27..., Números convertidos: 1000 elementos, Tempo de execução: 2ms, Comparações: 12404, Trocas: 7470
2025-03-13T21:48:45.907Z - Lendo arquivo: src/data/numbers_1000.txt, Algoritmo: radix, Tamanho do conjunto de dados: 1000, Dados lidos: 63269,29350,22838,19614,30397,17000,30115,16869,27..., Números convertidos: 1000 elementos, Tempo de execução: 3ms, Comparações: 1044, Trocas: 5000
2025-03-13T21:48:48.846Z - Lendo arquivo: src/data/numbers_1000.txt, Algoritmo: merge, Tamanho do conjunto de dados: 1000, Dados lidos: 63269,29350,22838,19614,30397,17000,30115,16869,27..., Números convertidos: 1000 elementos, Tempo de execução: 2ms, Comparações: 8694, Trocas: 9976
2025-03-13T21:48:57.992Z - Lendo arquivo: src/data/numbers_1000.txt, Algoritmo: bubble, Tamanho do conjunto de dados: 1000, Dados lidos: 14551,71213,16056,48698,79193,56017,77953,16459,70..., Números convertidos: 1000 elementos, Tempo de execução: 8ms, Comparações: 499500, Trocas: 248166
2025-03-13T21:48:59.913Z - Lendo arquivo: src/data/numbers_1000.txt, Algoritmo: heap, Tamanho do conjunto de dados: 1000, Dados lidos: 14551,71213,16056,48698,79193,56017,77953,16459,70..., Números convertidos: 1000 elementos, Tempo de execução: 4ms, Comparações: 19130, Trocas: 9065
2025-03-13T21:49:01.947Z - Lendo arquivo: src/data/numbers_1000.txt, Algoritmo: quick, Tamanho do conjunto de dados: 1000, Dados lidos: 14551,71213,16056,48698,79193,56017,77953,16459,70..., Números convertidos: 1000 elementos, Tempo de execução: 3ms, Comparações: 10681, Trocas: 4461
2025-03-13T21:49:58.178Z - Lendo arquivo: src/data/numbers_1000.txt, Algoritmo: merge, Tamanho do conjunto de dados: 1000, Dados lidos: 14551,71213,16056,48698,79193,56017,77953,16459,70..., Números convertidos: 1000 elementos, Tempo de execução: 3ms, Comparações: 8701, Trocas: 9976
2025-03-13T21:50:00.663Z - Lendo arquivo: src/data/numbers_1000.txt, Algoritmo: shell, Tamanho do conjunto de dados: 1000, Dados lidos: 14551,71213,16056,48698,79193,56017,77953,16459,70..., Números convertidos: 1000 elementos, Tempo de execução: 2ms, Comparações: 7575, Trocas: 7575
2025-03-13T21:54:32.127Z - Lendo arquivo: src/data/numbers_1000.txt, Algoritmo: bubble, Tamanho do conjunto de dados: 1000, Dados lidos: 88044,54609,86664,84781,83160,80069,257,54633,3611..., Números convertidos: 1000 elementos, Tempo de execução: 9ms, Comparações: 499500, Trocas: 252293
2025-03-13T21:54:35.236Z - Lendo arquivo: src/data/numbers_1000.txt, Algoritmo: quick, Tamanho do conjunto de dados: 1000, Dados lidos: 88044,54609,86664,84781,83160,80069,257,54633,3611..., Números convertidos: 1000 elementos, Tempo de execução: 3ms, Comparações: 12071, Trocas: 5767
2025-03-13T21:54:39.696Z - Lendo arquivo: src/data/numbers_1000.txt, Algoritmo: heap, Tamanho do conjunto de dados: 1000, Dados lidos: 88044,54609,86664,84781,83160,80069,257,54633,3611..., Números convertidos: 1000 elementos, Tempo de execução: 3ms, Comparações: 19156, Trocas: 9078
2025-03-13T22:15:42.957Z - Lendo arquivo: src/data/numbers_1000.txt, Algoritmo: bubble, Tamanho do conjunto de dados: 1000, Dados lidos: 35449,8675,86450,16172,13252,12118,55104,63243,281..., Números convertidos: 1000 elementos, Tempo de execução: 8ms, Comparações: 499500, Trocas: 248384
2025-03-13T22:15:44.306Z - Lendo arquivo: src/data/numbers_1000.txt, Algoritmo: bubble, Tamanho do conjunto de dados: 1000, Dados lidos: 35449,8675,86450,16172,13252,12118,55104,63243,281..., Números convertidos: 1000 elementos, Tempo de execução: 8ms, Comparações: 499500, Trocas: 248384
2025-03-13T22:16:16.274Z - Lendo arquivo: src/data/numbers_1000.txt, Algoritmo: bubble-improved, Tamanho do conjunto de dados: 1000, Dados lidos: 35449,8675,86450,16172,13252,12118,55104,63243,281..., Números convertidos: 1000 elementos, Tempo de execução: 9ms, Comparações: 498639, Trocas: 248384
2025-03-13T22:16:21.939Z - Lendo arquivo: src/data/numbers_1000.txt, Algoritmo: insertion, Tamanho do conjunto de dados: 1000, Dados lidos: 35449,8675,86450,16172,13252,12118,55104,63243,281..., Números convertidos: 1000 elementos, Tempo de execução: 4ms, Comparações: 249383, Trocas: 248384
2025-03-17T23:02:27.619Z - Lendo arquivo: src/data/numbers_1000.txt, Algoritmo: selection, Tamanho do conjunto de dados: 1000, Dados lidos: 22914,53727,47590,50813,43244,24356,44423,31864,63..., Números convertidos: 1000 elementos, Tempo de execução: 15ms, Comparações: 499500, Trocas: 993
2025-03-17T23:02:36.312Z - Lendo arquivo: src/data/numbers_1000.txt, Algoritmo: tim, Tamanho do conjunto de dados: 1000, Dados lidos: 22914,53727,47590,50813,43244,24356,44423,31864,63..., Números convertidos: 1000 elementos, Tempo de execução: 5ms, Comparações: 12940, Trocas: 8002
2025-03-17T23:02:40.671Z - Lendo arquivo: src/data/numbers_1000.txt, Algoritmo: merge, Tamanho do conjunto de dados: 1000, Dados lidos: 22914,53727,47590,50813,43244,24356,44423,31864,63..., Números convertidos: 1000 elementos, Tempo de execução: 6ms, Comparações: 8668, Trocas: 9976
2025-03-18T22:59:12.849Z - Lendo arquivo: src/data/numbers_100000.txt, Algoritmo: quick, Tamanho do conjunto de dados: 100000, Dados lidos: 35135,51631,78854,3064,98331,79282,92306,51619,733..., Números convertidos: 100000 elementos, Tempo de execução: 69ms, Comparações: 2162475, Trocas: 1041484
2025-03-18T22:59:25.364Z - Lendo arquivo: src/data/numbers_100000.txt, Algoritmo: tim, Tamanho do conjunto de dados: 100000, Dados lidos: 35135,51631,78854,3064,98331,79282,92306,51619,733..., Números convertidos: 100000 elementos, Tempo de execução: 64ms, Comparações: 1790979, Trocas: 600387
2025-03-18T22:59:28.803Z - Lendo arquivo: src/data/numbers_100000.txt, Algoritmo: merge, Tamanho do conjunto de dados: 100000, Dados lidos: 35135,51631,78854,3064,98331,79282,92306,51619,733..., Números convertidos: 100000 elementos, Tempo de execução: 129ms, Comparações: 1536458, Trocas: 1668928
2025-03-18T22:59:36.355Z - Lendo arquivo: src/data/numbers_100000.txt, Algoritmo: heap, Tamanho do conjunto de dados: 100000, Dados lidos: 35135,51631,78854,3064,98331,79282,92306,51619,733..., Números convertidos: 100000 elementos, Tempo de execução: 127ms, Comparações: 3249872, Trocas: 1574936
2025-03-18T23:00:35.259Z - Lendo arquivo: src/data/numbers_10000.txt, Algoritmo: heap, Tamanho do conjunto de dados: 10000, Dados lidos: 17903,30005,606,11078,82821,74922,94280,89690,3118..., Números convertidos: 10000 elementos, Tempo de execução: 31ms, Comparações: 258392, Trocas: 124196
2025-03-18T23:00:39.350Z - Lendo arquivo: src/data/numbers_10000.txt, Algoritmo: insertion, Tamanho do conjunto de dados: 10000, Dados lidos: 17903,30005,606,11078,82821,74922,94280,89690,3118..., Números convertidos: 10000 elementos, Tempo de execução: 279ms, Comparações: 25211823, Trocas: 25201824
2025-03-18T23:00:48.292Z - Lendo arquivo: src/data/numbers_10000.txt, Algoritmo: selection, Tamanho do conjunto de dados: 10000, Dados lidos: 16222,31214,61749,64689,47742,94970,16167,83695,22..., Números convertidos: 10000 elementos, Tempo de execução: 225ms, Comparações: 49995000, Trocas: 9987
2025-03-18T23:00:53.937Z - Lendo arquivo: src/data/numbers_10000.txt, Algoritmo: quick, Tamanho do conjunto de dados: 10000, Dados lidos: 16222,31214,61749,64689,47742,94970,16167,83695,22..., Números convertidos: 10000 elementos, Tempo de execução: 33ms, Comparações: 149846, Trocas: 71055
2025-03-18T23:06:47.595Z - Lendo arquivo: src/data/numbers_100000.txt, Algoritmo: quick, Tamanho do conjunto de dados: 100000, Dados lidos: 52832,32357,80230,61715,19831,877,51306,37110,7731..., Números convertidos: 100000 elementos, Tempo de execução: 79ms, Comparações: 1940344, Trocas: 916370
2025-03-18T23:06:56.727Z - Lendo arquivo: src/data/numbers_100000.txt, Algoritmo: tim, Tamanho do conjunto de dados: 100000, Dados lidos: 52832,32357,80230,61715,19831,877,51306,37110,7731..., Números convertidos: 100000 elementos, Tempo de execução: 88ms, Comparações: 1790854, Trocas: 600267
2025-03-18T23:07:46.006Z - Lendo arquivo: src/data/numbers_100000.txt, Algoritmo: bubble, Tamanho do conjunto de dados: 100000, Dados lidos: 52832,32357,80230,61715,19831,877,51306,37110,7731..., Números convertidos: 100000 elementos, Tempo de execução: 64046ms, Comparações: 4999950000, Trocas: 2495309627
2025-03-27T14:43:27.358Z - Erro no Worker: sorter.sort(...).then is not a function
2025-03-27T14:43:42.009Z - Erro no Worker: sorter.sort(...).then is not a function
2025-03-27T14:46:51.537Z - Lendo arquivo: src/data/numbers_1000.txt, Algoritmo: bubble, Tamanho do conjunto de dados: 1000, Tempo de execução: 9ms, Comparações: 499500, Trocas: 252690
2025-03-27T14:49:14.325Z - Lendo arquivo: src/data/numbers_1000.txt, Algoritmo: bubble, Tamanho do conjunto de dados: 1000, Tempo de execução: 8ms, Comparações: 499500, Trocas: 249516
2025-03-27T14:49:22.526Z - Lendo arquivo: src/data/numbers_1000.txt, Algoritmo: quick, Tamanho do conjunto de dados: 1000, Tempo de execução: 4ms, Comparações: 10737, Trocas: 5894
2025-03-27T14:49:28.488Z - Lendo arquivo: src/data/numbers_1000.txt, Algoritmo: merge, Tamanho do conjunto de dados: 1000, Tempo de execução: 5ms, Comparações: 8688, Trocas: 19952
2025-03-27T14:49:58.877Z - Lendo arquivo: src/data/numbers_1000.txt, Algoritmo: merge, Tamanho do conjunto de dados: 1000, Tempo de execução: 4ms, Comparações: 8688, Trocas: 19952
2025-03-27T14:50:25.627Z - Lendo arquivo: src/data/numbers_1000.txt, Algoritmo: merge, Tamanho do conjunto de dados: 1000, Tempo de execução: 5ms, Comparações: 8688, Trocas: 19952
2025-03-27T14:53:22.303Z - Lendo arquivo: src/data/numbers_1000.txt, Algoritmo: merge, Tamanho do conjunto de dados: 1000, Tempo de execução: 4ms, Comparações: 8688, Trocas: 19952
2025-03-27T14:53:54.252Z - Lendo arquivo: src/data/numbers_1000.txt, Algoritmo: merge, Tamanho do conjunto de dados: 1000, Tempo de execução: 4ms, Comparações: 8676, Trocas: 19952
2025-03-27T14:53:58.716Z - Lendo arquivo: src/data/numbers_1000.txt, Algoritmo: quick, Tamanho do conjunto de dados: 1000, Tempo de execução: 4ms, Comparações: 11462, Trocas: 6800
2025-03-27T14:55:57.731Z - Lendo arquivo: src/data/numbers_100000.txt, Algoritmo: merge, Tamanho do conjunto de dados: 100000, Tempo de execução: 107ms, Comparações: 51812, Trocas: 200000
2025-03-27T14:56:10.647Z - Lendo arquivo: src/data/numbers_100000.txt, Algoritmo: merge, Tamanho do conjunto de dados: 100000, Tempo de execução: 115ms, Comparações: 51812, Trocas: 200000
2025-03-27T14:58:15.832Z - Lendo arquivo: src/data/numbers_100000.txt, Algoritmo: quick, Tamanho do conjunto de dados: 100000, Tempo de execução: 30ms, Comparações: 2115012, Trocas: 1043828
2025-03-27T14:58:24.462Z - Lendo arquivo: src/data/numbers_100000.txt, Algoritmo: merge, Tamanho do conjunto de dados: 100000, Tempo de execução: 343ms, Comparações: 1536449, Trocas: 3337856
2025-03-27T14:59:16.659Z - Lendo arquivo: src/data/numbers_100000.txt, Algoritmo: merge, Tamanho do conjunto de dados: 100000, Tempo de execução: 320ms, Comparações: 1536449, Trocas: 3337856
2025-03-27T14:59:20.784Z - Lendo arquivo: src/data/numbers_100000.txt, Algoritmo: quick, Tamanho do conjunto de dados: 100000, Tempo de execução: 28ms, Comparações: 2115012, Trocas: 1043828
2025-03-27T15:00:17.954Z - Lendo arquivo: src/data/numbers_100000.txt, Algoritmo: merge, Tamanho do conjunto de dados: 100000, Tempo de execução: 119ms, Comparações: 51812, Trocas: 200000
2025-03-27T15:00:39.180Z - Lendo arquivo: src/data/numbers_100000.txt, Algoritmo: selection, Tamanho do conjunto de dados: 100000, Tempo de execução: 7951ms, Comparações: 4999950000, Trocas: 99992
2025-03-27T15:01:04.083Z - Lendo arquivo: src/data/numbers_100000.txt, Algoritmo: selection, Tamanho do conjunto de dados: 100000, Tempo de execução: 7636ms, Comparações: 4999950000, Trocas: 99992
2025-03-27T15:01:47.532Z - Lendo arquivo: src/data/numbers_10000.txt, Algoritmo: selection, Tamanho do conjunto de dados: 10000, Tempo de execução: 73ms, Comparações: 49995000, Trocas: 9994
2025-03-27T15:02:12.254Z - Lendo arquivo: src/data/numbers_10000.txt, Algoritmo: quick, Tamanho do conjunto de dados: 10000, Tempo de execução: 9ms, Comparações: 158066, Trocas: 78167
2025-03-27T15:03:25.578Z - Lendo arquivo: src/data/numbers_10000.txt, Algoritmo: quick, Tamanho do conjunto de dados: 10000, Tempo de execução: 14ms, Comparações: 158868, Trocas: 81833
2025-03-27T15:03:33.347Z - Lendo arquivo: src/data/numbers_100000.txt, Algoritmo: quick, Tamanho do conjunto de dados: 100000, Tempo de execução: 27ms, Comparações: 2059102, Trocas: 1113368
2025-03-27T15:03:40.983Z - Lendo arquivo: src/data/numbers_10000.txt, Algoritmo: merge, Tamanho do conjunto de dados: 10000, Tempo de execução: 37ms, Comparações: 120530, Trocas: 267232
2025-03-27T15:03:48.165Z - Lendo arquivo: src/data/numbers_100000.txt, Algoritmo: merge, Tamanho do conjunto de dados: 100000, Tempo de execução: 339ms, Comparações: 1536614, Trocas: 3337856
2025-03-27T15:05:46.126Z - Lendo arquivo: src/data/numbers_100000.txt, Algoritmo: merge, Tamanho do conjunto de dados: 100000, Tempo de execução: 342ms, Comparações: 1536614, Trocas: 3337856
2025-03-27T15:05:53.862Z - Lendo arquivo: src/data/numbers_100000.txt, Algoritmo: quick, Tamanho do conjunto de dados: 100000, Tempo de execução: 31ms, Comparações: 2059102, Trocas: 1113368
2025-03-27T15:27:04.857Z - Lendo arquivo: src/data/numbers_100000.txt, Algoritmo: quick, Tamanho do conjunto de dados: 100000, Dados lidos: 78605,36279,85539,30895,86638,2690,88590,12413,923..., Números convertidos: 100000 elementos, Tempo de execução: 28ms, Comparações: 2059102, Trocas: 1113368
2025-03-27T15:27:08.066Z - Lendo arquivo: src/data/numbers_100000.txt, Algoritmo: merge, Tamanho do conjunto de dados: 100000, Dados lidos: 78605,36279,85539,30895,86638,2690,88590,12413,923..., Números convertidos: 100000 elementos, Tempo de execução: 375ms, Comparações: 1536614, Trocas: 3337856
2025-03-27T15:28:07.692Z - Lendo arquivo: src/data/numbers_100000.txt, Algoritmo: merge, Tamanho do conjunto de dados: 100000, Dados lidos: 78605,36279,85539,30895,86638,2690,88590,12413,923..., Números convertidos: 100000 elementos, Tempo de execução: 311ms, Comparações: 1536614, Trocas: 3337856
2025-03-27T15:28:11.815Z - Lendo arquivo: src/data/numbers_100000.txt, Algoritmo: quick, Tamanho do conjunto de dados: 100000, Dados lidos: 78605,36279,85539,30895,86638,2690,88590,12413,923..., Números convertidos: 100000 elementos, Tempo de execução: 28ms, Comparações: 2059102, Trocas: 1113368
2025-03-27T15:28:20.068Z - Lendo arquivo: src/data/numbers_100000.txt, Algoritmo: merge, Tamanho do conjunto de dados: 100000, Dados lidos: 78605,36279,85539,30895,86638,2690,88590,12413,923..., Números convertidos: 100000 elementos, Tempo de execução: 329ms, Comparações: 1536614, Trocas: 3337856
2025-03-27T15:28:25.139Z - Lendo arquivo: src/data/numbers_10000.txt, Algoritmo: merge, Tamanho do conjunto de dados: 10000, Dados lidos: 3805,8879,62158,74120,37319,39556,42639,42580,8626..., Números convertidos: 10000 elementos, Tempo de execução: 36ms, Comparações: 120530, Trocas: 267232
2025-03-27T15:28:28.271Z - Lendo arquivo: src/data/numbers_10000.txt, Algoritmo: quick, Tamanho do conjunto de dados: 10000, Dados lidos: 3805,8879,62158,74120,37319,39556,42639,42580,8626..., Números convertidos: 10000 elementos, Tempo de execução: 11ms, Comparações: 158868, Trocas: 81833
2025-03-27T15:30:13.971Z - Lendo arquivo: src/data/numbers_10000.txt, Algoritmo: quick, Tamanho do conjunto de dados: 10000, Dados lidos: 80424,51858,30506,95262,61664,91131,15593,76318,62..., Números convertidos: 10000 elementos, Tempo de execução: 9ms, Comparações: 156503, Trocas: 86580
2025-03-27T15:30:18.525Z - Lendo arquivo: src/data/numbers_10000.txt, Algoritmo: quick, Tamanho do conjunto de dados: 10000, Dados lidos: 80424,51858,30506,95262,61664,91131,15593,76318,62..., Números convertidos: 10000 elementos, Tempo de execução: 11ms, Comparações: 156503, Trocas: 86580
2025-03-27T15:30:29.076Z - Lendo arquivo: src/data/numbers_10000.txt, Algoritmo: merge, Tamanho do conjunto de dados: 10000, Dados lidos: 80424,51858,30506,95262,61664,91131,15593,76318,62..., Números convertidos: 10000 elementos, Tempo de execução: 31ms, Comparações: 120395, Trocas: 267232
2025-03-27T15:30:37.368Z - Lendo arquivo: src/data/numbers_10000.txt, Algoritmo: merge, Tamanho do conjunto de dados: 10000, Dados lidos: 80424,51858,30506,95262,61664,91131,15593,76318,62..., Números convertidos: 10000 elementos, Tempo de execução: 33ms, Comparações: 120395, Trocas: 267232
2025-03-27T15:30:43.210Z - Lendo arquivo: src/data/numbers_10000.txt, Algoritmo: quick, Tamanho do conjunto de dados: 10000, Dados lidos: 80424,51858,30506,95262,61664,91131,15593,76318,62..., Números convertidos: 10000 elementos, Tempo de execução: 11ms, Comparações: 156503, Trocas: 86580
2025-03-27T15:30:47.630Z - Lendo arquivo: src/data/numbers_10000.txt, Algoritmo: quick, Tamanho do conjunto de dados: 10000, Dados lidos: 80424,51858,30506,95262,61664,91131,15593,76318,62..., Números convertidos: 10000 elementos, Tempo de execução: 14ms, Comparações: 156503, Trocas: 86580
2025-03-27T15:30:57.763Z - Lendo arquivo: src/data/numbers_100000.txt, Algoritmo: merge, Tamanho do conjunto de dados: 100000, Dados lidos: 6549,73375,75586,17830,53256,60526,48409,40472,205..., Números convertidos: 100000 elementos, Tempo de execução: 329ms, Comparações: 1536123, Trocas: 3337856
2025-03-27T15:31:07.276Z - Lendo arquivo: src/data/numbers_100000.txt, Algoritmo: merge, Tamanho do conjunto de dados: 100000, Dados lidos: 6549,73375,75586,17830,53256,60526,48409,40472,205..., Números convertidos: 100000 elementos, Tempo de execução: 313ms, Comparações: 1536123, Trocas: 3337856
2025-03-27T15:31:11.505Z - Lendo arquivo: src/data/numbers_100000.txt, Algoritmo: merge, Tamanho do conjunto de dados: 100000, Dados lidos: 36024,80621,1074,49965,32465,39022,92457,97160,479..., Números convertidos: 100000 elementos, Tempo de execução: 337ms, Comparações: 1536570, Trocas: 3337856
2025-03-27T15:31:15.682Z - Lendo arquivo: src/data/numbers_100000.txt, Algoritmo: merge, Tamanho do conjunto de dados: 100000, Dados lidos: 36024,80621,1074,49965,32465,39022,92457,97160,479..., Números convertidos: 100000 elementos, Tempo de execução: 327ms, Comparações: 1536570, Trocas: 3337856
2025-03-27T15:32:27.362Z - Lendo arquivo: src/data/numbers_100000.txt, Algoritmo: quick, Tamanho do conjunto de dados: 100000, Dados lidos: 36024,80621,1074,49965,32465,39022,92457,97160,479..., Números convertidos: 100000 elementos, Tempo de execução: 34ms, Comparações: 2013827, Trocas: 1035220
2025-03-27T15:32:34.418Z - Lendo arquivo: src/data/numbers_1000.txt, Algoritmo: quick, Tamanho do conjunto de dados: 1000, Dados lidos: 17350,4248,87326,59915,55592,79760,83539,59330,396..., Números convertidos: 1000 elementos, Tempo de execução: 4ms, Comparações: 10936, Trocas: 5967
2025-03-27T15:32:47.895Z - Lendo arquivo: src/data/numbers_1000.txt, Algoritmo: merge, Tamanho do conjunto de dados: 1000, Dados lidos: 17350,4248,87326,59915,55592,79760,83539,59330,396..., Números convertidos: 1000 elementos, Tempo de execução: 4ms, Comparações: 8685, Trocas: 19952
2025-03-27T15:39:46.550Z - Lendo arquivo: src/data/numbers_100000.txt, Algoritmo: merge, Tamanho do conjunto de dados: 100000, Dados lidos: 36024,80621,1074,49965,32465,39022,92457,97160,479..., Números convertidos: 100000 elementos, Tempo de execução: 116ms, Comparações: 80466, Trocas: 200000
2025-03-27T15:40:06.647Z - Lendo arquivo: src/data/numbers_100000.txt, Algoritmo: quick, Tamanho do conjunto de dados: 100000, Dados lidos: 36024,80621,1074,49965,32465,39022,92457,97160,479..., Números convertidos: 100000 elementos, Tempo de execução: 29ms, Comparações: 2013827, Trocas: 1035220
2025-03-27T15:40:12.279Z - Lendo arquivo: src/data/numbers_100000.txt, Algoritmo: merge, Tamanho do conjunto de dados: 100000, Dados lidos: 36024,80621,1074,49965,32465,39022,92457,97160,479..., Números convertidos: 100000 elementos, Tempo de execução: 108ms, Comparações: 80466, Trocas: 200000
2025-03-27T15:41:04.569Z - Lendo arquivo: src/data/numbers_10000.txt, Algoritmo: merge, Tamanho do conjunto de dados: 10000, Dados lidos: 64917,48486,96750,47871,90761,95665,36810,58912,78..., Números convertidos: 10000 elementos, Tempo de execução: 115ms, Comparações: 5824, Trocas: 20000
2025-03-27T15:41:08.380Z - Lendo arquivo: src/data/numbers_100000.txt, Algoritmo: merge, Tamanho do conjunto de dados: 100000, Dados lidos: 36024,80621,1074,49965,32465,39022,92457,97160,479..., Números convertidos: 100000 elementos, Tempo de execução: 110ms, Comparações: 80466, Trocas: 200000
2025-03-27T15:45:32.356Z - Lendo arquivo: src/data/numbers_1000.txt, Algoritmo: merge, Tamanho do conjunto de dados: 1000, Dados lidos: 17350,4248,87326,59915,55592,79760,83539,59330,396..., Números convertidos: 1000 elementos, Tempo de execução: 6ms, Comparações: 8685, Trocas: 19952
2025-03-27T15:45:38.099Z - Lendo arquivo: src/data/numbers_10000.txt, Algoritmo: merge, Tamanho do conjunto de dados: 10000, Dados lidos: 64917,48486,96750,47871,90761,95665,36810,58912,78..., Números convertidos: 10000 elementos, Tempo de execução: 105ms, Comparações: 5824, Trocas: 20000
2025-03-27T15:45:41.845Z - Lendo arquivo: src/data/numbers_100000.txt, Algoritmo: merge, Tamanho do conjunto de dados: 100000, Dados lidos: 36024,80621,1074,49965,32465,39022,92457,97160,479..., Números convertidos: 100000 elementos, Tempo de execução: 100ms, Comparações: 80466, Trocas: 200000
2025-03-27T18:23:13.360Z - Lendo arquivo: src/data/numbers_1000.txt, Algoritmo: bubble, Tamanho do conjunto de dados: 1000, Dados lidos: 65704,85874,44887,41015,24280,84509,56240,40314,56..., Números convertidos: 1000 elementos, Tempo de execução: 24ms, Comparações: 499500, Trocas: 248516
2025-03-27T18:25:32.472Z - Lendo arquivo: src/data/numbers_1000.txt, Algoritmo: bubble, Tamanho do conjunto de dados: 1000, Dados lidos: 81247,46019,93978,9826,11987,85953,10020,13203,622..., Números convertidos: 1000 elementos, Tempo de execução: 24ms, Comparações: 499500, Trocas: 244675
2025-03-27T18:25:47.385Z - Lendo arquivo: src/data/numbers_1000.txt, Algoritmo: quick, Tamanho do conjunto de dados: 1000, Dados lidos: 81247,46019,93978,9826,11987,85953,10020,13203,622..., Números convertidos: 1000 elementos, Tempo de execução: 8ms, Comparações: 11262, Trocas: 5928
2025-03-27T18:25:52.283Z - Lendo arquivo: src/data/numbers_10000.txt, Algoritmo: quick, Tamanho do conjunto de dados: 10000, Dados lidos: 79975,35306,42767,68093,42540,27201,18291,31862,18..., Números convertidos: 10000 elementos, Tempo de execução: 30ms, Comparações: 155083, Trocas: 77899
2025-03-27T18:25:55.663Z - Lendo arquivo: src/data/numbers_10000.txt, Algoritmo: merge, Tamanho do conjunto de dados: 10000, Dados lidos: 79975,35306,42767,68093,42540,27201,18291,31862,18..., Números convertidos: 10000 elementos, Tempo de execução: 83ms, Comparações: 120546, Trocas: 267232
2025-03-27T18:26:00.909Z - Lendo arquivo: src/data/numbers_1000.txt, Algoritmo: merge, Tamanho do conjunto de dados: 1000, Dados lidos: 81247,46019,93978,9826,11987,85953,10020,13203,622..., Números convertidos: 1000 elementos, Tempo de execução: 13ms, Comparações: 8675, Trocas: 19952
2025-03-27T18:26:35.474Z - Lendo arquivo: src/data/numbers_1000.txt, Algoritmo: quick, Tamanho do conjunto de dados: 1000, Dados lidos: 81247,46019,93978,9826,11987,85953,10020,13203,622..., Números convertidos: 1000 elementos, Tempo de execução: 13ms, Comparações: 11262, Trocas: 5928
2025-03-27T18:26:51.523Z - Lendo arquivo: src/data/numbers_10000.txt, Algoritmo: quick, Tamanho do conjunto de dados: 10000, Dados lidos: 79975,35306,42767,68093,42540,27201,18291,31862,18..., Números convertidos: 10000 elementos, Tempo de execução: 236ms, Comparações: 155083, Trocas: 77899
2025-03-27T18:27:00.435Z - Lendo arquivo: src/data/numbers_10000.txt, Algoritmo: merge, Tamanho do conjunto de dados: 10000, Dados lidos: 79975,35306,42767,68093,42540,27201,18291,31862,18..., Números convertidos: 10000 elementos, Tempo de execução: 263ms, Comparações: 6132, Trocas: 20000
2025-03-27T18:27:10.617Z - Lendo arquivo: src/data/numbers_10000.txt, Algoritmo: merge, Tamanho do conjunto de dados: 10000, Dados lidos: 74716,7551,16367,53916,86649,62985,76466,42421,673..., Números convertidos: 10000 elementos, Tempo de execução: 274ms, Comparações: 6733, Trocas: 20000
2025-03-27T18:27:35.181Z - Lendo arquivo: src/data/numbers_10000.txt, Algoritmo: quick, Tamanho do conjunto de dados: 10000, Dados lidos: 74716,7551,16367,53916,86649,62985,76466,42421,673..., Números convertidos: 10000 elementos, Tempo de execução: 264ms, Comparações: 200817, Trocas: 116360
2025-03-27T18:27:40.383Z - Lendo arquivo: src/data/numbers_10000.txt, Algoritmo: merge, Tamanho do conjunto de dados: 10000, Dados lidos: 74716,7551,16367,53916,86649,62985,76466,42421,673..., Números convertidos: 10000 elementos, Tempo de execução: 244ms, Comparações: 6733, Trocas: 20000
2025-03-27T18:27:59.169Z - Lendo arquivo: src/data/numbers_100000.txt, Algoritmo: quick, Tamanho do conjunto de dados: 100000, Dados lidos: 45261,53329,34051,47589,65658,19314,51409,8894,929..., Números convertidos: 100000 elementos, Tempo de execução: 9394ms, Comparações: 547619471, Trocas: 546692412
2025-03-27T18:28:06.719Z - Lendo arquivo: src/data/numbers_100000.txt, Algoritmo: merge, Tamanho do conjunto de dados: 100000, Dados lidos: 45261,53329,34051,47589,65658,19314,51409,8894,929..., Números convertidos: 100000 elementos, Tempo de execução: 260ms, Comparações: 50133, Trocas: 200000
2025-03-27T18:28:26.577Z - Lendo arquivo: src/data/numbers_100000.txt, Algoritmo: quick, Tamanho do conjunto de dados: 100000, Dados lidos: 45261,53329,34051,47589,65658,19314,51409,8894,929..., Números convertidos: 100000 elementos, Tempo de execução: 13898ms, Comparações: 862356540, Trocas: 861437042
2025-03-27T18:28:40.600Z - Lendo arquivo: src/data/numbers_10000.txt, Algoritmo: quick, Tamanho do conjunto de dados: 10000, Dados lidos: 74716,7551,16367,53916,86649,62985,76466,42421,673..., Números convertidos: 10000 elementos, Tempo de execução: 38ms, Comparações: 168388, Trocas: 83696
2025-03-27T18:29:00.374Z - Lendo arquivo: src/data/numbers_100000.txt, Algoritmo: quick, Tamanho do conjunto de dados: 100000, Dados lidos: 45261,53329,34051,47589,65658,19314,51409,8894,929..., Números convertidos: 100000 elementos, Tempo de execução: 16218ms, Comparações: 862356540, Trocas: 861437042
2025-03-27T18:29:07.738Z - Lendo arquivo: src/data/numbers_10000.txt, Algoritmo: merge, Tamanho do conjunto de dados: 10000, Dados lidos: 74716,7551,16367,53916,86649,62985,76466,42421,673..., Números convertidos: 10000 elementos, Tempo de execução: 248ms, Comparações: 6733, Trocas: 20000
2025-03-27T18:29:13.681Z - Lendo arquivo: src/data/numbers_100000.txt, Algoritmo: merge, Tamanho do conjunto de dados: 100000, Dados lidos: 45261,53329,34051,47589,65658,19314,51409,8894,929..., Números convertidos: 100000 elementos, Tempo de execução: 300ms, Comparações: 50133, Trocas: 200000
2025-03-27T18:30:38.949Z - Lendo arquivo: src/data/numbers_10000.txt, Algoritmo: quick, Tamanho do conjunto de dados: 10000, Dados lidos: 74716,7551,16367,53916,86649,62985,76466,42421,673..., Números convertidos: 10000 elementos, Tempo de execução: 28ms, Comparações: 168388, Trocas: 83696
2025-03-27T18:30:57.702Z - Lendo arquivo: src/data/numbers_100000.txt, Algoritmo: quick, Tamanho do conjunto de dados: 100000, Dados lidos: 45261,53329,34051,47589,65658,19314,51409,8894,929..., Números convertidos: 100000 elementos, Tempo de execução: 73ms, Comparações: 1927856, Trocas: 985318
2025-03-27T18:31:07.413Z - Lendo arquivo: src/data/numbers_10000.txt, Algoritmo: merge, Tamanho do conjunto de dados: 10000, Dados lidos: 74716,7551,16367,53916,86649,62985,76466,42421,673..., Números convertidos: 10000 elementos, Tempo de execução: 81ms, Comparações: 120603, Trocas: 267232
2025-03-27T18:31:12.040Z - Lendo arquivo: src/data/numbers_100000.txt, Algoritmo: selection, Tamanho do conjunto de dados: 100000, Dados lidos: 45261,53329,34051,47589,65658,19314,51409,8894,929..., Números convertidos: 100000 elementos, Tempo de execução: 25936ms, Comparações: 4999950000, Trocas: 99986
2025-03-27T18:31:13.200Z - Lendo arquivo: src/data/numbers_100000.txt, Algoritmo: merge, Tamanho do conjunto de dados: 100000, Dados lidos: 45261,53329,34051,47589,65658,19314,51409,8894,929..., Números convertidos: 100000 elementos, Tempo de execução: 286ms, Comparações: 50133, Trocas: 200000
2025-03-27T18:34:15.920Z - Lendo arquivo: src/data/numbers_10000.txt, Algoritmo: quick, Tamanho do conjunto de dados: 10000, Dados lidos: 74716,7551,16367,53916,86649,62985,76466,42421,673..., Números convertidos: 10000 elementos, Tempo de execução: 20ms, Comparações: 168388, Trocas: 83696
2025-03-27T18:34:30.875Z - Lendo arquivo: src/data/numbers_10000.txt, Algoritmo: merge, Tamanho do conjunto de dados: 10000, Dados lidos: 74716,7551,16367,53916,86649,62985,76466,42421,673..., Números convertidos: 10000 elementos, Tempo de execução: 66ms, Comparações: 120603, Trocas: 267232
2025-03-27T18:34:36.947Z - Lendo arquivo: src/data/numbers_100000.txt, Algoritmo: quick, Tamanho do conjunto de dados: 100000, Dados lidos: 45261,53329,34051,47589,65658,19314,51409,8894,929..., Números convertidos: 100000 elementos, Tempo de execução: 55ms, Comparações: 1927856, Trocas: 985318
2025-03-27T18:34:45.877Z - Lendo arquivo: src/data/numbers_100000.txt, Algoritmo: merge, Tamanho do conjunto de dados: 100000, Dados lidos: 45261,53329,34051,47589,65658,19314,51409,8894,929..., Números convertidos: 100000 elementos, Tempo de execução: 216ms, Comparações: 50133, Trocas: 200000
2025-03-27T18:35:06.800Z - Lendo arquivo: src/data/numbers_100000.txt, Algoritmo: merge, Tamanho do conjunto de dados: 100000, Dados lidos: 45261,53329,34051,47589,65658,19314,51409,8894,929..., Números convertidos: 100000 elementos, Tempo de execução: 294ms, Comparações: 50133, Trocas: 200000
2025-03-27T18:35:12.116Z - Lendo arquivo: src/data/numbers_100000.txt, Algoritmo: merge, Tamanho do conjunto de dados: 100000, Dados lidos: 45261,53329,34051,47589,65658,19314,51409,8894,929..., Números convertidos: 100000 elementos, Tempo de execução: 262ms, Comparações: 50133, Trocas: 200000
2025-03-27T18:35:19.126Z - Lendo arquivo: src/data/numbers_100000.txt, Algoritmo: merge, Tamanho do conjunto de dados: 100000, Dados lidos: 45261,53329,34051,47589,65658,19314,51409,8894,929..., Números convertidos: 100000 elementos, Tempo de execução: 265ms, Comparações: 50133, Trocas: 200000
2025-03-27T18:35:26.146Z - Lendo arquivo: src/data/numbers_100000.txt, Algoritmo: quick, Tamanho do conjunto de dados: 100000, Dados lidos: 45261,53329,34051,47589,65658,19314,51409,8894,929..., Números convertidos: 100000 elementos, Tempo de execução: 132ms, Comparações: 1927856, Trocas: 985318
2025-03-27T18:35:29.215Z - Lendo arquivo: src/data/numbers_100000.txt, Algoritmo: quick, Tamanho do conjunto de dados: 100000, Dados lidos: 45261,53329,34051,47589,65658,19314,51409,8894,929..., Números convertidos: 100000 elementos, Tempo de execução: 132ms, Comparações: 1927856, Trocas: 985318
2025-03-27T18:35:32.102Z - Lendo arquivo: src/data/numbers_100000.txt, Algoritmo: quick, Tamanho do conjunto de dados: 100000, Dados lidos: 45261,53329,34051,47589,65658,19314,51409,8894,929..., Números convertidos: 100000 elementos, Tempo de execução: 69ms, Comparações: 1927856, Trocas: 985318
2025-03-28T15:42:02.615Z - Thread 1 - Lendo arquivo: src/data/numbers_1000.txt, Algoritmo: bubble, Tamanho do conjunto de dados: 1000, Dados lidos: 26943,77081,43975,96301,42072,33514,62536,89799,16..., Números convertidos: 1000 elementos, Tempo de execução: 10ms, Comparações: 499500, Trocas: 242291
2025-03-28T15:42:10.340Z - Thread 2 - Lendo arquivo: src/data/numbers_1000.txt, Algoritmo: quick, Tamanho do conjunto de dados: 1000, Dados lidos: 26943,77081,43975,96301,42072,33514,62536,89799,16..., Números convertidos: 1000 elementos, Tempo de execução: 6ms, Comparações: 11193, Trocas: 6456
2025-03-28T15:42:13.422Z - Thread 3 - Lendo arquivo: src/data/numbers_1000.txt, Algoritmo: merge, Tamanho do conjunto de dados: 1000, Dados lidos: 26943,77081,43975,96301,42072,33514,62536,89799,16..., Números convertidos: 1000 elementos, Tempo de execução: 6ms, Comparações: 8711, Trocas: 19952
2025-03-28T15:42:39.762Z - Thread 4 - Lendo arquivo: src/data/numbers_1000.txt, Algoritmo: bubble-improved, Tamanho do conjunto de dados: 1000, Dados lidos: 26943,77081,43975,96301,42072,33514,62536,89799,16..., Números convertidos: 1000 elementos, Tempo de execução: 7ms, Comparações: 499269, Trocas: 242291
2025-03-28T15:42:45.147Z - Thread 5 - Lendo arquivo: src/data/numbers_1000.txt, Algoritmo: merge, Tamanho do conjunto de dados: 1000, Dados lidos: 26943,77081,43975,96301,42072,33514,62536,89799,16..., Números convertidos: 1000 elementos, Tempo de execução: 7ms, Comparações: 8711, Trocas: 19952
2025-03-28T15:42:47.955Z - Thread 6 - Lendo arquivo: src/data/numbers_10000.txt, Algoritmo: merge, Tamanho do conjunto de dados: 10000, Dados lidos: 45363,25678,75010,17236,81348,92192,39442,92620,95..., Números convertidos: 10000 elementos, Tempo de execução: 42ms, Comparações: 120504, Trocas: 267232
2025-03-28T15:42:51.035Z - Thread 7 - Lendo arquivo: src/data/numbers_100000.txt, Algoritmo: merge, Tamanho do conjunto de dados: 100000, Dados lidos: 30320,78137,27086,25282,50167,26882,9497,45614,390..., Números convertidos: 100000 elementos, Tempo de execução: 149ms, Comparações: 53294, Trocas: 200000
2025-03-28T15:42:56.167Z - Thread 10 - Lendo arquivo: src/data/numbers_100000.txt, Algoritmo: quick, Tamanho do conjunto de dados: 100000, Dados lidos: 30320,78137,27086,25282,50167,26882,9497,45614,390..., Números convertidos: 100000 elementos, Tempo de execução: 40ms, Comparações: 1941564, Trocas: 985114
2025-03-28T15:43:05.678Z - Thread 11 - Lendo arquivo: src/data/numbers_10000.txt, Algoritmo: quick, Tamanho do conjunto de dados: 10000, Dados lidos: 45363,25678,75010,17236,81348,92192,39442,92620,95..., Números convertidos: 10000 elementos, Tempo de execução: 13ms, Comparações: 151195, Trocas: 78512
2025-03-28T15:45:06.823Z - Thread 12 - Lendo arquivo: src/data/numbers_10000.txt, Algoritmo: merge, Tamanho do conjunto de dados: 10000, Dados lidos: 45363,25678,75010,17236,81348,92192,39442,92620,95..., Números convertidos: 10000 elementos, Tempo de execução: 50ms, Comparações: 120504, Trocas: 267232
2025-03-28T15:45:11.467Z - Thread 13 - Lendo arquivo: src/data/numbers_100000.txt, Algoritmo: merge, Tamanho do conjunto de dados: 100000, Dados lidos: 30320,78137,27086,25282,50167,26882,9497,45614,390..., Números convertidos: 100000 elementos, Tempo de execução: 140ms, Comparações: 53294, Trocas: 200000
2025-03-28T15:45:15.766Z - Thread 16 - Lendo arquivo: src/data/numbers_100000.txt, Algoritmo: counting, Tamanho do conjunto de dados: 100000, Dados lidos: 30320,78137,27086,25282,50167,26882,9497,45614,390..., Números convertidos: 100000 elementos, Tempo de execução: 29ms, Comparações: 199995, Trocas: 100000
